<?xml version="1.0" encoding="UTF-8"?>
<robot generator="Robot 3.1.2 (Python 3.7.5 on win32)" generated="20200117 12:11:02.465" rpa="false">
<suite id="s1" name="Test Cli" source="C:\Users\ravcz\Desktop\TAU_REPO\TAU1\LAB6 cli\test_cli.robot">
<test id="s1-t1" name="TEST1) WYSWIETLANIE HELP BOX">
<kw name="Run Process" library="Process">
<doc>Runs a process and waits for it to complete.</doc>
<arguments>
<arg>python</arg>
<arg>${PROGRAM DIRECTORY}</arg>
<arg>--help</arg>
<arg>stdout=${STDOUT DIR}</arg>
<arg>stderr=${STDERR DIR}</arg>
<arg>output_encoding=SYSTEM</arg>
</arguments>
<assign>
<var>${result}</var>
</assign>
<msg timestamp="20200117 12:11:02.495" level="INFO">Starting process:
python lab6/Main.py --help</msg>
<msg timestamp="20200117 12:11:02.498" level="INFO">Waiting for process to complete.</msg>
<msg timestamp="20200117 12:11:02.568" level="INFO">Process completed.</msg>
<msg timestamp="20200117 12:11:02.568" level="INFO">${result} = &lt;result object with rc 0&gt;</msg>
<status status="PASS" starttime="20200117 12:11:02.494" endtime="20200117 12:11:02.568"></status>
</kw>
<kw name="Log Many" library="BuiltIn">
<doc>Logs the given messages as separate entries using the INFO level.</doc>
<arguments>
<arg>stdout: ${result.stdout}</arg>
<arg>stderr: ${result.stderr}</arg>
</arguments>
<msg timestamp="20200117 12:11:02.569" level="INFO">stdout: usage: Main.py [-h] --first {range =&gt;
               [0.00 : +infinity]} --second {range =&gt; [0.00 : +infinity]} --third {range =&gt; [0.00 : +infinity]} [--fourth {range =&gt; [0.00 : +infinity]}]

Find out if you can build triangle or something else!

optional arguments:
  -h, --help            show this help message and exit
  --first {range =&gt; [0.00 : +infinity]}
                        Pass here proper side length 'value &gt;= 0'
  --second {range =&gt; [0.00 : +infinity]}
                        Pass here proper side length 'value &gt;= 0'
  --third {range =&gt; [0.00 : +infinity]}
                        Pass here proper side length 'value &gt;= 0'
  --fourth {range =&gt; [0.00 : +infinity]}
                        Pass here proper side length 'value &gt;= 0'</msg>
<msg timestamp="20200117 12:11:02.570" level="INFO">stderr: </msg>
<status status="PASS" starttime="20200117 12:11:02.569" endtime="20200117 12:11:02.570"></status>
</kw>
<kw name="Should Contain" library="BuiltIn">
<doc>Fails if ``container`` does not contain ``item`` one or more times.</doc>
<arguments>
<arg>${result.stdout}</arg>
<arg>show this help message and exit</arg>
</arguments>
<status status="PASS" starttime="20200117 12:11:02.570" endtime="20200117 12:11:02.570"></status>
</kw>
<status status="PASS" starttime="20200117 12:11:02.494" endtime="20200117 12:11:02.571" critical="yes"></status>
</test>
<test id="s1-t2" name="TEST2) BŁĄD Z POWODU NIE PODANIA PARAMETRÓW (3 obowiązkowe)">
<kw name="Run Process" library="Process">
<doc>Runs a process and waits for it to complete.</doc>
<arguments>
<arg>python</arg>
<arg>${PROGRAM DIRECTORY}</arg>
<arg>stdout=${STDOUT DIR}</arg>
<arg>stderr=${STDERR DIR}</arg>
<arg>output_encoding=SYSTEM</arg>
</arguments>
<assign>
<var>${result}</var>
</assign>
<msg timestamp="20200117 12:11:02.574" level="INFO">Starting process:
python lab6/Main.py</msg>
<msg timestamp="20200117 12:11:02.576" level="INFO">Waiting for process to complete.</msg>
<msg timestamp="20200117 12:11:02.637" level="INFO">Process completed.</msg>
<msg timestamp="20200117 12:11:02.637" level="INFO">${result} = &lt;result object with rc 2&gt;</msg>
<status status="PASS" starttime="20200117 12:11:02.574" endtime="20200117 12:11:02.637"></status>
</kw>
<kw name="Log Many" library="BuiltIn">
<doc>Logs the given messages as separate entries using the INFO level.</doc>
<arguments>
<arg>stdout: ${result.stdout}</arg>
<arg>stderr: ${result.stderr}</arg>
</arguments>
<msg timestamp="20200117 12:11:02.638" level="INFO">stdout: </msg>
<msg timestamp="20200117 12:11:02.639" level="INFO">stderr: usage: Main.py [-h] --first {range =&gt;
               [0.00 : +infinity]} --second {range =&gt; [0.00 : +infinity]} --third {range =&gt; [0.00 : +infinity]} [--fourth {range =&gt; [0.00 : +infinity]}]
Main.py: error: the following arguments are required: --first, --second, --third</msg>
<status status="PASS" starttime="20200117 12:11:02.638" endtime="20200117 12:11:02.639"></status>
</kw>
<kw name="Should Contain" library="BuiltIn">
<doc>Fails if ``container`` does not contain ``item`` one or more times.</doc>
<arguments>
<arg>${result.stderr}</arg>
<arg>the following arguments are required: --first, --second, --third</arg>
</arguments>
<status status="PASS" starttime="20200117 12:11:02.639" endtime="20200117 12:11:02.639"></status>
</kw>
<status status="PASS" starttime="20200117 12:11:02.573" endtime="20200117 12:11:02.639" critical="yes"></status>
</test>
<test id="s1-t3" name="TEST3) BŁĄD Z POWODU NIE PODANIA ZŁEGO TYPU PARAMETRÓW (3 obowiązkowe)">
<kw name="Run Process" library="Process">
<doc>Runs a process and waits for it to complete.</doc>
<arguments>
<arg>python</arg>
<arg>${PROGRAM DIRECTORY}</arg>
<arg>--first</arg>
<arg>a</arg>
<arg>--second</arg>
<arg>b</arg>
<arg>--third</arg>
<arg>c</arg>
<arg>--fourth</arg>
<arg>d</arg>
<arg>stdout=${STDOUT DIR}</arg>
<arg>stderr=${STDERR DIR}</arg>
<arg>output_encoding=SYSTEM</arg>
</arguments>
<assign>
<var>${result}</var>
</assign>
<msg timestamp="20200117 12:11:02.643" level="INFO">Starting process:
python lab6/Main.py --first a --second b --third c --fourth d</msg>
<msg timestamp="20200117 12:11:02.645" level="INFO">Waiting for process to complete.</msg>
<msg timestamp="20200117 12:11:02.708" level="INFO">Process completed.</msg>
<msg timestamp="20200117 12:11:02.708" level="INFO">${result} = &lt;result object with rc 2&gt;</msg>
<status status="PASS" starttime="20200117 12:11:02.642" endtime="20200117 12:11:02.708"></status>
</kw>
<kw name="Log Many" library="BuiltIn">
<doc>Logs the given messages as separate entries using the INFO level.</doc>
<arguments>
<arg>stdout: ${result.stdout}</arg>
<arg>stderr: ${result.stderr}</arg>
</arguments>
<msg timestamp="20200117 12:11:02.709" level="INFO">stdout: </msg>
<msg timestamp="20200117 12:11:02.709" level="INFO">stderr: usage: Main.py [-h] --first {range =&gt;
               [0.00 : +infinity]} --second {range =&gt; [0.00 : +infinity]} --third {range =&gt; [0.00 : +infinity]} [--fourth {range =&gt; [0.00 : +infinity]}]
Main.py: error: argument --first: invalid float value: 'a'</msg>
<status status="PASS" starttime="20200117 12:11:02.708" endtime="20200117 12:11:02.709"></status>
</kw>
<kw name="Should Contain" library="BuiltIn">
<doc>Fails if ``container`` does not contain ``item`` one or more times.</doc>
<arguments>
<arg>${result.stderr}</arg>
<arg>invalid float value</arg>
</arguments>
<status status="PASS" starttime="20200117 12:11:02.710" endtime="20200117 12:11:02.710"></status>
</kw>
<status status="PASS" starttime="20200117 12:11:02.641" endtime="20200117 12:11:02.710" critical="yes"></status>
</test>
<test id="s1-t4" name="TEST4) TRÓJKĄT RÓWNOBOCZNY">
<kw name="Run Process" library="Process">
<doc>Runs a process and waits for it to complete.</doc>
<arguments>
<arg>python</arg>
<arg>${PROGRAM DIRECTORY}</arg>
<arg>--first</arg>
<arg>3.0</arg>
<arg>--second</arg>
<arg>3.0</arg>
<arg>--third</arg>
<arg>3.0</arg>
<arg>stdout=${STDOUT DIR}</arg>
<arg>stderr=${STDERR DIR}</arg>
<arg>output_encoding=SYSTEM</arg>
</arguments>
<assign>
<var>${result}</var>
</assign>
<msg timestamp="20200117 12:11:02.713" level="INFO">Starting process:
python lab6/Main.py --first 3.0 --second 3.0 --third 3.0</msg>
<msg timestamp="20200117 12:11:02.715" level="INFO">Waiting for process to complete.</msg>
<msg timestamp="20200117 12:11:02.777" level="INFO">Process completed.</msg>
<msg timestamp="20200117 12:11:02.778" level="INFO">${result} = &lt;result object with rc 0&gt;</msg>
<status status="PASS" starttime="20200117 12:11:02.712" endtime="20200117 12:11:02.778"></status>
</kw>
<kw name="Log Many" library="BuiltIn">
<doc>Logs the given messages as separate entries using the INFO level.</doc>
<arguments>
<arg>stdout: ${result.stdout}</arg>
<arg>stderr: ${result.stderr}</arg>
</arguments>
<msg timestamp="20200117 12:11:02.779" level="INFO">stdout: Podano boki:  [3.0, 3.0, 3.0, None]
Możliwa figura:  trójkąt równoboczny</msg>
<msg timestamp="20200117 12:11:02.779" level="INFO">stderr: </msg>
<status status="PASS" starttime="20200117 12:11:02.778" endtime="20200117 12:11:02.779"></status>
</kw>
<kw name="Should Contain" library="BuiltIn">
<doc>Fails if ``container`` does not contain ``item`` one or more times.</doc>
<arguments>
<arg>${result.stdout}</arg>
<arg>trójkąt równoboczny</arg>
</arguments>
<status status="PASS" starttime="20200117 12:11:02.780" endtime="20200117 12:11:02.780"></status>
</kw>
<status status="PASS" starttime="20200117 12:11:02.711" endtime="20200117 12:11:02.780" critical="yes"></status>
</test>
<test id="s1-t5" name="TEST5) TRÓJKĄT RÓWNORAMIENNY">
<kw name="Run Process" library="Process">
<doc>Runs a process and waits for it to complete.</doc>
<arguments>
<arg>python</arg>
<arg>${PROGRAM DIRECTORY}</arg>
<arg>--first</arg>
<arg>3.0</arg>
<arg>--second</arg>
<arg>3.0</arg>
<arg>--third</arg>
<arg>2.0</arg>
<arg>stdout=${STDOUT DIR}</arg>
<arg>stderr=${STDERR DIR}</arg>
<arg>output_encoding=SYSTEM</arg>
</arguments>
<assign>
<var>${result}</var>
</assign>
<msg timestamp="20200117 12:11:02.782" level="INFO">Starting process:
python lab6/Main.py --first 3.0 --second 3.0 --third 2.0</msg>
<msg timestamp="20200117 12:11:02.784" level="INFO">Waiting for process to complete.</msg>
<msg timestamp="20200117 12:11:02.846" level="INFO">Process completed.</msg>
<msg timestamp="20200117 12:11:02.847" level="INFO">${result} = &lt;result object with rc 0&gt;</msg>
<status status="PASS" starttime="20200117 12:11:02.781" endtime="20200117 12:11:02.847"></status>
</kw>
<kw name="Log Many" library="BuiltIn">
<doc>Logs the given messages as separate entries using the INFO level.</doc>
<arguments>
<arg>stdout: ${result.stdout}</arg>
<arg>stderr: ${result.stderr}</arg>
</arguments>
<msg timestamp="20200117 12:11:02.848" level="INFO">stdout: Podano boki:  [3.0, 3.0, 2.0, None]
Możliwa figura:  trójkąt równoramieny</msg>
<msg timestamp="20200117 12:11:02.848" level="INFO">stderr: </msg>
<status status="PASS" starttime="20200117 12:11:02.847" endtime="20200117 12:11:02.848"></status>
</kw>
<kw name="Should Contain" library="BuiltIn">
<doc>Fails if ``container`` does not contain ``item`` one or more times.</doc>
<arguments>
<arg>${result.stdout}</arg>
<arg>trójkąt równoramieny</arg>
</arguments>
<status status="PASS" starttime="20200117 12:11:02.848" endtime="20200117 12:11:02.848"></status>
</kw>
<status status="PASS" starttime="20200117 12:11:02.781" endtime="20200117 12:11:02.849" critical="yes"></status>
</test>
<test id="s1-t6" name="TEST6) TRÓJKĄT RÓŻNOBOCZNY">
<kw name="Run Process" library="Process">
<doc>Runs a process and waits for it to complete.</doc>
<arguments>
<arg>python</arg>
<arg>${PROGRAM DIRECTORY}</arg>
<arg>--first</arg>
<arg>1.5</arg>
<arg>--second</arg>
<arg>2.0</arg>
<arg>--third</arg>
<arg>3.0</arg>
<arg>stdout=${STDOUT DIR}</arg>
<arg>stderr=${STDERR DIR}</arg>
<arg>output_encoding=SYSTEM</arg>
</arguments>
<assign>
<var>${result}</var>
</assign>
<msg timestamp="20200117 12:11:02.851" level="INFO">Starting process:
python lab6/Main.py --first 1.5 --second 2.0 --third 3.0</msg>
<msg timestamp="20200117 12:11:02.853" level="INFO">Waiting for process to complete.</msg>
<msg timestamp="20200117 12:11:02.915" level="INFO">Process completed.</msg>
<msg timestamp="20200117 12:11:02.916" level="INFO">${result} = &lt;result object with rc 0&gt;</msg>
<status status="PASS" starttime="20200117 12:11:02.850" endtime="20200117 12:11:02.916"></status>
</kw>
<kw name="Log Many" library="BuiltIn">
<doc>Logs the given messages as separate entries using the INFO level.</doc>
<arguments>
<arg>stdout: ${result.stdout}</arg>
<arg>stderr: ${result.stderr}</arg>
</arguments>
<msg timestamp="20200117 12:11:02.917" level="INFO">stdout: Podano boki:  [1.5, 2.0, 3.0, None]
Możliwa figura:  trójkąt różnoramienny</msg>
<msg timestamp="20200117 12:11:02.917" level="INFO">stderr: </msg>
<status status="PASS" starttime="20200117 12:11:02.916" endtime="20200117 12:11:02.917"></status>
</kw>
<kw name="Should Contain" library="BuiltIn">
<doc>Fails if ``container`` does not contain ``item`` one or more times.</doc>
<arguments>
<arg>${result.stdout}</arg>
<arg>trójkąt różnoramienny</arg>
</arguments>
<status status="PASS" starttime="20200117 12:11:02.917" endtime="20200117 12:11:02.918"></status>
</kw>
<status status="PASS" starttime="20200117 12:11:02.849" endtime="20200117 12:11:02.918" critical="yes"></status>
</test>
<test id="s1-t7" name="TEST7) TRÓJKĄT NIEMOŻLIWY (pierwsze dwa boki są krótsze niż trzeci bok)">
<kw name="Run Process" library="Process">
<doc>Runs a process and waits for it to complete.</doc>
<arguments>
<arg>python</arg>
<arg>${PROGRAM DIRECTORY}</arg>
<arg>--first</arg>
<arg>1.0</arg>
<arg>--second</arg>
<arg>2.0</arg>
<arg>--third</arg>
<arg>3.0</arg>
<arg>stdout=${STDOUT DIR}</arg>
<arg>stderr=${STDERR DIR}</arg>
<arg>output_encoding=SYSTEM</arg>
</arguments>
<assign>
<var>${result}</var>
</assign>
<msg timestamp="20200117 12:11:02.921" level="INFO">Starting process:
python lab6/Main.py --first 1.0 --second 2.0 --third 3.0</msg>
<msg timestamp="20200117 12:11:02.923" level="INFO">Waiting for process to complete.</msg>
<msg timestamp="20200117 12:11:02.984" level="INFO">Process completed.</msg>
<msg timestamp="20200117 12:11:02.985" level="INFO">${result} = &lt;result object with rc 0&gt;</msg>
<status status="PASS" starttime="20200117 12:11:02.920" endtime="20200117 12:11:02.985"></status>
</kw>
<kw name="Log Many" library="BuiltIn">
<doc>Logs the given messages as separate entries using the INFO level.</doc>
<arguments>
<arg>stdout: ${result.stdout}</arg>
<arg>stderr: ${result.stderr}</arg>
</arguments>
<msg timestamp="20200117 12:11:02.985" level="INFO">stdout: Podano boki:  [1.0, 2.0, 3.0, None]
Możliwa figura:  nierozpoznano</msg>
<msg timestamp="20200117 12:11:02.985" level="INFO">stderr: </msg>
<status status="PASS" starttime="20200117 12:11:02.985" endtime="20200117 12:11:02.987"></status>
</kw>
<kw name="Should Contain" library="BuiltIn">
<doc>Fails if ``container`` does not contain ``item`` one or more times.</doc>
<arguments>
<arg>${result.stdout}</arg>
<arg>nierozpoznano</arg>
</arguments>
<status status="PASS" starttime="20200117 12:11:02.987" endtime="20200117 12:11:02.987"></status>
</kw>
<status status="PASS" starttime="20200117 12:11:02.920" endtime="20200117 12:11:02.987" critical="yes"></status>
</test>
<test id="s1-t8" name="TEST8) TRÓJKĄT NIEMOŻLIWY (podano długości boków 0.0)">
<kw name="Run Process" library="Process">
<doc>Runs a process and waits for it to complete.</doc>
<arguments>
<arg>python</arg>
<arg>${PROGRAM DIRECTORY}</arg>
<arg>--first</arg>
<arg>0.0</arg>
<arg>--second</arg>
<arg>0.0</arg>
<arg>--third</arg>
<arg>0.0</arg>
<arg>stdout=${STDOUT DIR}</arg>
<arg>stderr=${STDERR DIR}</arg>
<arg>output_encoding=SYSTEM</arg>
</arguments>
<assign>
<var>${result}</var>
</assign>
<msg timestamp="20200117 12:11:02.990" level="INFO">Starting process:
python lab6/Main.py --first 0.0 --second 0.0 --third 0.0</msg>
<msg timestamp="20200117 12:11:02.992" level="INFO">Waiting for process to complete.</msg>
<msg timestamp="20200117 12:11:03.056" level="INFO">Process completed.</msg>
<msg timestamp="20200117 12:11:03.056" level="INFO">${result} = &lt;result object with rc 0&gt;</msg>
<status status="PASS" starttime="20200117 12:11:02.989" endtime="20200117 12:11:03.056"></status>
</kw>
<kw name="Log Many" library="BuiltIn">
<doc>Logs the given messages as separate entries using the INFO level.</doc>
<arguments>
<arg>stdout: ${result.stdout}</arg>
<arg>stderr: ${result.stderr}</arg>
</arguments>
<msg timestamp="20200117 12:11:03.057" level="INFO">stdout: Podano boki:  [0.0, 0.0, 0.0, None]
Możliwa figura:  nierozpoznano</msg>
<msg timestamp="20200117 12:11:03.057" level="INFO">stderr: </msg>
<status status="PASS" starttime="20200117 12:11:03.056" endtime="20200117 12:11:03.057"></status>
</kw>
<kw name="Should Contain" library="BuiltIn">
<doc>Fails if ``container`` does not contain ``item`` one or more times.</doc>
<arguments>
<arg>${result.stdout}</arg>
<arg>nierozpoznano</arg>
</arguments>
<status status="PASS" starttime="20200117 12:11:03.058" endtime="20200117 12:11:03.058"></status>
</kw>
<status status="PASS" starttime="20200117 12:11:02.988" endtime="20200117 12:11:03.058" critical="yes"></status>
</test>
<test id="s1-t9" name="TEST9) TRÓJKĄT NIEMOŻLIWY (podano któryś bok 0.0)">
<kw name="Run Process" library="Process">
<doc>Runs a process and waits for it to complete.</doc>
<arguments>
<arg>python</arg>
<arg>${PROGRAM DIRECTORY}</arg>
<arg>--first</arg>
<arg>0.0</arg>
<arg>--second</arg>
<arg>3.0</arg>
<arg>--third</arg>
<arg>2.0</arg>
<arg>stdout=${STDOUT DIR}</arg>
<arg>stderr=${STDERR DIR}</arg>
<arg>output_encoding=SYSTEM</arg>
</arguments>
<assign>
<var>${result}</var>
</assign>
<msg timestamp="20200117 12:11:03.061" level="INFO">Starting process:
python lab6/Main.py --first 0.0 --second 3.0 --third 2.0</msg>
<msg timestamp="20200117 12:11:03.063" level="INFO">Waiting for process to complete.</msg>
<msg timestamp="20200117 12:11:03.127" level="INFO">Process completed.</msg>
<msg timestamp="20200117 12:11:03.127" level="INFO">${result} = &lt;result object with rc 0&gt;</msg>
<status status="PASS" starttime="20200117 12:11:03.060" endtime="20200117 12:11:03.127"></status>
</kw>
<kw name="Log Many" library="BuiltIn">
<doc>Logs the given messages as separate entries using the INFO level.</doc>
<arguments>
<arg>stdout: ${result.stdout}</arg>
<arg>stderr: ${result.stderr}</arg>
</arguments>
<msg timestamp="20200117 12:11:03.128" level="INFO">stdout: Podano boki:  [0.0, 3.0, 2.0, None]
Możliwa figura:  nierozpoznano</msg>
<msg timestamp="20200117 12:11:03.128" level="INFO">stderr: </msg>
<status status="PASS" starttime="20200117 12:11:03.127" endtime="20200117 12:11:03.128"></status>
</kw>
<kw name="Should Contain" library="BuiltIn">
<doc>Fails if ``container`` does not contain ``item`` one or more times.</doc>
<arguments>
<arg>${result.stdout}</arg>
<arg>nierozpoznano</arg>
</arguments>
<status status="PASS" starttime="20200117 12:11:03.128" endtime="20200117 12:11:03.129"></status>
</kw>
<status status="PASS" starttime="20200117 12:11:03.059" endtime="20200117 12:11:03.129" critical="yes"></status>
</test>
<test id="s1-t10" name="TEST10) CZWOROBOK KWADRAT">
<kw name="Run Process" library="Process">
<doc>Runs a process and waits for it to complete.</doc>
<arguments>
<arg>python</arg>
<arg>${PROGRAM DIRECTORY}</arg>
<arg>--first</arg>
<arg>3.0</arg>
<arg>--second</arg>
<arg>3.0</arg>
<arg>--third</arg>
<arg>3.0</arg>
<arg>--fourth</arg>
<arg>3.0</arg>
<arg>stdout=${STDOUT DIR}</arg>
<arg>stderr=${STDERR DIR}</arg>
<arg>output_encoding=SYSTEM</arg>
</arguments>
<assign>
<var>${result}</var>
</assign>
<msg timestamp="20200117 12:11:03.132" level="INFO">Starting process:
python lab6/Main.py --first 3.0 --second 3.0 --third 3.0 --fourth 3.0</msg>
<msg timestamp="20200117 12:11:03.133" level="INFO">Waiting for process to complete.</msg>
<msg timestamp="20200117 12:11:03.195" level="INFO">Process completed.</msg>
<msg timestamp="20200117 12:11:03.196" level="INFO">${result} = &lt;result object with rc 0&gt;</msg>
<status status="PASS" starttime="20200117 12:11:03.131" endtime="20200117 12:11:03.196"></status>
</kw>
<kw name="Log Many" library="BuiltIn">
<doc>Logs the given messages as separate entries using the INFO level.</doc>
<arguments>
<arg>stdout: ${result.stdout}</arg>
<arg>stderr: ${result.stderr}</arg>
</arguments>
<msg timestamp="20200117 12:11:03.197" level="INFO">stdout: Podano boki:  [3.0, 3.0, 3.0, 3.0]
Możliwa figura:  kwadrat</msg>
<msg timestamp="20200117 12:11:03.197" level="INFO">stderr: </msg>
<status status="PASS" starttime="20200117 12:11:03.196" endtime="20200117 12:11:03.197"></status>
</kw>
<kw name="Should Contain" library="BuiltIn">
<doc>Fails if ``container`` does not contain ``item`` one or more times.</doc>
<arguments>
<arg>${result.stdout}</arg>
<arg>kwadrat</arg>
</arguments>
<status status="PASS" starttime="20200117 12:11:03.197" endtime="20200117 12:11:03.197"></status>
</kw>
<status status="PASS" starttime="20200117 12:11:03.130" endtime="20200117 12:11:03.198" critical="yes"></status>
</test>
<test id="s1-t11" name="TEST11) CZWOROBOK CZWOROBOK a,b,c,d">
<kw name="Run Process" library="Process">
<doc>Runs a process and waits for it to complete.</doc>
<arguments>
<arg>python</arg>
<arg>${PROGRAM DIRECTORY}</arg>
<arg>--first</arg>
<arg>1.0</arg>
<arg>--second</arg>
<arg>2.0</arg>
<arg>--third</arg>
<arg>3.0</arg>
<arg>--fourth</arg>
<arg>4.0</arg>
<arg>stdout=${STDOUT DIR}</arg>
<arg>stderr=${STDERR DIR}</arg>
<arg>output_encoding=SYSTEM</arg>
</arguments>
<assign>
<var>${result}</var>
</assign>
<msg timestamp="20200117 12:11:03.199" level="INFO">Starting process:
python lab6/Main.py --first 1.0 --second 2.0 --third 3.0 --fourth 4.0</msg>
<msg timestamp="20200117 12:11:03.201" level="INFO">Waiting for process to complete.</msg>
<msg timestamp="20200117 12:11:03.264" level="INFO">Process completed.</msg>
<msg timestamp="20200117 12:11:03.264" level="INFO">${result} = &lt;result object with rc 0&gt;</msg>
<status status="PASS" starttime="20200117 12:11:03.199" endtime="20200117 12:11:03.264"></status>
</kw>
<kw name="Log Many" library="BuiltIn">
<doc>Logs the given messages as separate entries using the INFO level.</doc>
<arguments>
<arg>stdout: ${result.stdout}</arg>
<arg>stderr: ${result.stderr}</arg>
</arguments>
<msg timestamp="20200117 12:11:03.265" level="INFO">stdout: Podano boki:  [1.0, 2.0, 3.0, 4.0]
Możliwa figura:  czworobok</msg>
<msg timestamp="20200117 12:11:03.266" level="INFO">stderr: </msg>
<status status="PASS" starttime="20200117 12:11:03.265" endtime="20200117 12:11:03.266"></status>
</kw>
<kw name="Should Contain" library="BuiltIn">
<doc>Fails if ``container`` does not contain ``item`` one or more times.</doc>
<arguments>
<arg>${result.stdout}</arg>
<arg>czworobok</arg>
</arguments>
<status status="PASS" starttime="20200117 12:11:03.266" endtime="20200117 12:11:03.266"></status>
</kw>
<status status="PASS" starttime="20200117 12:11:03.198" endtime="20200117 12:11:03.267" critical="yes"></status>
</test>
<test id="s1-t12" name="TEST12) CZWOROBOK CZWOROBOK c,b,a,a">
<kw name="Run Process" library="Process">
<doc>Runs a process and waits for it to complete.</doc>
<arguments>
<arg>python</arg>
<arg>${PROGRAM DIRECTORY}</arg>
<arg>--first</arg>
<arg>3.0</arg>
<arg>--second</arg>
<arg>4.0</arg>
<arg>--third</arg>
<arg>2.0</arg>
<arg>--fourth</arg>
<arg>2.0</arg>
<arg>stdout=${STDOUT DIR}</arg>
<arg>stderr=${STDERR DIR}</arg>
<arg>output_encoding=SYSTEM</arg>
</arguments>
<assign>
<var>${result}</var>
</assign>
<msg timestamp="20200117 12:11:03.269" level="INFO">Starting process:
python lab6/Main.py --first 3.0 --second 4.0 --third 2.0 --fourth 2.0</msg>
<msg timestamp="20200117 12:11:03.271" level="INFO">Waiting for process to complete.</msg>
<msg timestamp="20200117 12:11:03.332" level="INFO">Process completed.</msg>
<msg timestamp="20200117 12:11:03.332" level="INFO">${result} = &lt;result object with rc 0&gt;</msg>
<status status="PASS" starttime="20200117 12:11:03.268" endtime="20200117 12:11:03.332"></status>
</kw>
<kw name="Log Many" library="BuiltIn">
<doc>Logs the given messages as separate entries using the INFO level.</doc>
<arguments>
<arg>stdout: ${result.stdout}</arg>
<arg>stderr: ${result.stderr}</arg>
</arguments>
<msg timestamp="20200117 12:11:03.333" level="INFO">stdout: Podano boki:  [3.0, 4.0, 2.0, 2.0]
Możliwa figura:  czworobok</msg>
<msg timestamp="20200117 12:11:03.333" level="INFO">stderr: </msg>
<status status="PASS" starttime="20200117 12:11:03.332" endtime="20200117 12:11:03.333"></status>
</kw>
<kw name="Should Contain" library="BuiltIn">
<doc>Fails if ``container`` does not contain ``item`` one or more times.</doc>
<arguments>
<arg>${result.stdout}</arg>
<arg>czworobok</arg>
</arguments>
<status status="PASS" starttime="20200117 12:11:03.333" endtime="20200117 12:11:03.334"></status>
</kw>
<status status="PASS" starttime="20200117 12:11:03.267" endtime="20200117 12:11:03.334" critical="yes"></status>
</test>
<test id="s1-t13" name="TEST13) CZWOROBOK CZWOROBOK a,a,b,c">
<kw name="Run Process" library="Process">
<doc>Runs a process and waits for it to complete.</doc>
<arguments>
<arg>python</arg>
<arg>${PROGRAM DIRECTORY}</arg>
<arg>--first</arg>
<arg>2.0</arg>
<arg>--second</arg>
<arg>2.0</arg>
<arg>--third</arg>
<arg>3.0</arg>
<arg>--fourth</arg>
<arg>4.0</arg>
<arg>stdout=${STDOUT DIR}</arg>
<arg>stderr=${STDERR DIR}</arg>
<arg>output_encoding=SYSTEM</arg>
</arguments>
<assign>
<var>${result}</var>
</assign>
<msg timestamp="20200117 12:11:03.337" level="INFO">Starting process:
python lab6/Main.py --first 2.0 --second 2.0 --third 3.0 --fourth 4.0</msg>
<msg timestamp="20200117 12:11:03.338" level="INFO">Waiting for process to complete.</msg>
<msg timestamp="20200117 12:11:03.398" level="INFO">Process completed.</msg>
<msg timestamp="20200117 12:11:03.398" level="INFO">${result} = &lt;result object with rc 0&gt;</msg>
<status status="PASS" starttime="20200117 12:11:03.336" endtime="20200117 12:11:03.398"></status>
</kw>
<kw name="Log Many" library="BuiltIn">
<doc>Logs the given messages as separate entries using the INFO level.</doc>
<arguments>
<arg>stdout: ${result.stdout}</arg>
<arg>stderr: ${result.stderr}</arg>
</arguments>
<msg timestamp="20200117 12:11:03.399" level="INFO">stdout: Podano boki:  [2.0, 2.0, 3.0, 4.0]
Możliwa figura:  czworobok</msg>
<msg timestamp="20200117 12:11:03.400" level="INFO">stderr: </msg>
<status status="PASS" starttime="20200117 12:11:03.399" endtime="20200117 12:11:03.400"></status>
</kw>
<kw name="Should Contain" library="BuiltIn">
<doc>Fails if ``container`` does not contain ``item`` one or more times.</doc>
<arguments>
<arg>${result.stdout}</arg>
<arg>czworobok</arg>
</arguments>
<status status="PASS" starttime="20200117 12:11:03.400" endtime="20200117 12:11:03.400"></status>
</kw>
<status status="PASS" starttime="20200117 12:11:03.335" endtime="20200117 12:11:03.400" critical="yes"></status>
</test>
<test id="s1-t14" name="TEST14) CZWOROBOK PROSTOKĄT a,b,a,b">
<kw name="Run Process" library="Process">
<doc>Runs a process and waits for it to complete.</doc>
<arguments>
<arg>python</arg>
<arg>${PROGRAM DIRECTORY}</arg>
<arg>--first</arg>
<arg>1.0</arg>
<arg>--second</arg>
<arg>2.0</arg>
<arg>--third</arg>
<arg>1.0</arg>
<arg>--fourth</arg>
<arg>2.0</arg>
<arg>stdout=${STDOUT DIR}</arg>
<arg>stderr=${STDERR DIR}</arg>
<arg>output_encoding=SYSTEM</arg>
</arguments>
<assign>
<var>${result}</var>
</assign>
<msg timestamp="20200117 12:11:03.404" level="INFO">Starting process:
python lab6/Main.py --first 1.0 --second 2.0 --third 1.0 --fourth 2.0</msg>
<msg timestamp="20200117 12:11:03.406" level="INFO">Waiting for process to complete.</msg>
<msg timestamp="20200117 12:11:03.471" level="INFO">Process completed.</msg>
<msg timestamp="20200117 12:11:03.471" level="INFO">${result} = &lt;result object with rc 0&gt;</msg>
<status status="PASS" starttime="20200117 12:11:03.403" endtime="20200117 12:11:03.471"></status>
</kw>
<kw name="Log Many" library="BuiltIn">
<doc>Logs the given messages as separate entries using the INFO level.</doc>
<arguments>
<arg>stdout: ${result.stdout}</arg>
<arg>stderr: ${result.stderr}</arg>
</arguments>
<msg timestamp="20200117 12:11:03.472" level="INFO">stdout: Podano boki:  [1.0, 2.0, 1.0, 2.0]
Możliwa figura:  prostokąt</msg>
<msg timestamp="20200117 12:11:03.472" level="INFO">stderr: </msg>
<status status="PASS" starttime="20200117 12:11:03.471" endtime="20200117 12:11:03.472"></status>
</kw>
<kw name="Should Contain" library="BuiltIn">
<doc>Fails if ``container`` does not contain ``item`` one or more times.</doc>
<arguments>
<arg>${result.stdout}</arg>
<arg>prostokąt</arg>
</arguments>
<status status="PASS" starttime="20200117 12:11:03.473" endtime="20200117 12:11:03.473"></status>
</kw>
<status status="PASS" starttime="20200117 12:11:03.402" endtime="20200117 12:11:03.474" critical="yes"></status>
</test>
<test id="s1-t15" name="TEST15) CZWOROBOK PROSTOKĄT a,b,b,a">
<kw name="Run Process" library="Process">
<doc>Runs a process and waits for it to complete.</doc>
<arguments>
<arg>python</arg>
<arg>${PROGRAM DIRECTORY}</arg>
<arg>--first</arg>
<arg>1.0</arg>
<arg>--second</arg>
<arg>3.0</arg>
<arg>--third</arg>
<arg>3.0</arg>
<arg>--fourth</arg>
<arg>1.0</arg>
<arg>stdout=${STDOUT DIR}</arg>
<arg>stderr=${STDERR DIR}</arg>
<arg>output_encoding=SYSTEM</arg>
</arguments>
<assign>
<var>${result}</var>
</assign>
<msg timestamp="20200117 12:11:03.476" level="INFO">Starting process:
python lab6/Main.py --first 1.0 --second 3.0 --third 3.0 --fourth 1.0</msg>
<msg timestamp="20200117 12:11:03.480" level="INFO">Waiting for process to complete.</msg>
<msg timestamp="20200117 12:11:03.543" level="INFO">Process completed.</msg>
<msg timestamp="20200117 12:11:03.543" level="INFO">${result} = &lt;result object with rc 0&gt;</msg>
<status status="PASS" starttime="20200117 12:11:03.475" endtime="20200117 12:11:03.543"></status>
</kw>
<kw name="Log Many" library="BuiltIn">
<doc>Logs the given messages as separate entries using the INFO level.</doc>
<arguments>
<arg>stdout: ${result.stdout}</arg>
<arg>stderr: ${result.stderr}</arg>
</arguments>
<msg timestamp="20200117 12:11:03.544" level="INFO">stdout: Podano boki:  [1.0, 3.0, 3.0, 1.0]
Możliwa figura:  prostokąt</msg>
<msg timestamp="20200117 12:11:03.544" level="INFO">stderr: </msg>
<status status="PASS" starttime="20200117 12:11:03.543" endtime="20200117 12:11:03.544"></status>
</kw>
<kw name="Should Contain" library="BuiltIn">
<doc>Fails if ``container`` does not contain ``item`` one or more times.</doc>
<arguments>
<arg>${result.stdout}</arg>
<arg>prostokąt</arg>
</arguments>
<status status="PASS" starttime="20200117 12:11:03.545" endtime="20200117 12:11:03.545"></status>
</kw>
<status status="PASS" starttime="20200117 12:11:03.475" endtime="20200117 12:11:03.545" critical="yes"></status>
</test>
<test id="s1-t16" name="TEST16) CZWOROBOK PROSTOKĄT a,a,b,b">
<kw name="Run Process" library="Process">
<doc>Runs a process and waits for it to complete.</doc>
<arguments>
<arg>python</arg>
<arg>${PROGRAM DIRECTORY}</arg>
<arg>--first</arg>
<arg>1.0</arg>
<arg>--second</arg>
<arg>1.0</arg>
<arg>--third</arg>
<arg>3.0</arg>
<arg>--fourth</arg>
<arg>3.0</arg>
<arg>stdout=${STDOUT DIR}</arg>
<arg>stderr=${STDERR DIR}</arg>
<arg>output_encoding=SYSTEM</arg>
</arguments>
<assign>
<var>${result}</var>
</assign>
<msg timestamp="20200117 12:11:03.547" level="INFO">Starting process:
python lab6/Main.py --first 1.0 --second 1.0 --third 3.0 --fourth 3.0</msg>
<msg timestamp="20200117 12:11:03.549" level="INFO">Waiting for process to complete.</msg>
<msg timestamp="20200117 12:11:03.609" level="INFO">Process completed.</msg>
<msg timestamp="20200117 12:11:03.610" level="INFO">${result} = &lt;result object with rc 0&gt;</msg>
<status status="PASS" starttime="20200117 12:11:03.547" endtime="20200117 12:11:03.610"></status>
</kw>
<kw name="Log Many" library="BuiltIn">
<doc>Logs the given messages as separate entries using the INFO level.</doc>
<arguments>
<arg>stdout: ${result.stdout}</arg>
<arg>stderr: ${result.stderr}</arg>
</arguments>
<msg timestamp="20200117 12:11:03.611" level="INFO">stdout: Podano boki:  [1.0, 1.0, 3.0, 3.0]
Możliwa figura:  prostokąt</msg>
<msg timestamp="20200117 12:11:03.611" level="INFO">stderr: </msg>
<status status="PASS" starttime="20200117 12:11:03.610" endtime="20200117 12:11:03.611"></status>
</kw>
<kw name="Should Contain" library="BuiltIn">
<doc>Fails if ``container`` does not contain ``item`` one or more times.</doc>
<arguments>
<arg>${result.stdout}</arg>
<arg>prostokąt</arg>
</arguments>
<status status="PASS" starttime="20200117 12:11:03.611" endtime="20200117 12:11:03.611"></status>
</kw>
<status status="PASS" starttime="20200117 12:11:03.546" endtime="20200117 12:11:03.612" critical="yes"></status>
</test>
<test id="s1-t17" name="TEST7) CZWOROBOK NIEMOŻLIWY (pierwsze trzy boki są krótsze niż czwarty bok)">
<kw name="Run Process" library="Process">
<doc>Runs a process and waits for it to complete.</doc>
<arguments>
<arg>python</arg>
<arg>${PROGRAM DIRECTORY}</arg>
<arg>--first</arg>
<arg>1.0</arg>
<arg>--second</arg>
<arg>2.0</arg>
<arg>--third</arg>
<arg>3.0</arg>
<arg>--fourth</arg>
<arg>10.0</arg>
<arg>stdout=${STDOUT DIR}</arg>
<arg>stderr=${STDERR DIR}</arg>
<arg>output_encoding=SYSTEM</arg>
</arguments>
<assign>
<var>${result}</var>
</assign>
<msg timestamp="20200117 12:11:03.614" level="INFO">Starting process:
python lab6/Main.py --first 1.0 --second 2.0 --third 3.0 --fourth 10.0</msg>
<msg timestamp="20200117 12:11:03.615" level="INFO">Waiting for process to complete.</msg>
<msg timestamp="20200117 12:11:03.676" level="INFO">Process completed.</msg>
<msg timestamp="20200117 12:11:03.676" level="INFO">${result} = &lt;result object with rc 0&gt;</msg>
<status status="PASS" starttime="20200117 12:11:03.613" endtime="20200117 12:11:03.676"></status>
</kw>
<kw name="Log Many" library="BuiltIn">
<doc>Logs the given messages as separate entries using the INFO level.</doc>
<arguments>
<arg>stdout: ${result.stdout}</arg>
<arg>stderr: ${result.stderr}</arg>
</arguments>
<msg timestamp="20200117 12:11:03.678" level="INFO">stdout: Podano boki:  [1.0, 2.0, 3.0, 10.0]
Możliwa figura:  nierozpoznano</msg>
<msg timestamp="20200117 12:11:03.678" level="INFO">stderr: </msg>
<status status="PASS" starttime="20200117 12:11:03.677" endtime="20200117 12:11:03.678"></status>
</kw>
<kw name="Should Contain" library="BuiltIn">
<doc>Fails if ``container`` does not contain ``item`` one or more times.</doc>
<arguments>
<arg>${result.stdout}</arg>
<arg>nierozpoznano</arg>
</arguments>
<status status="PASS" starttime="20200117 12:11:03.678" endtime="20200117 12:11:03.678"></status>
</kw>
<status status="PASS" starttime="20200117 12:11:03.612" endtime="20200117 12:11:03.678" critical="yes"></status>
</test>
<test id="s1-t18" name="TEST8) CZWOROBOK NIEMOŻLIWY (podano długości boków 0.0)">
<kw name="Run Process" library="Process">
<doc>Runs a process and waits for it to complete.</doc>
<arguments>
<arg>python</arg>
<arg>${PROGRAM DIRECTORY}</arg>
<arg>--first</arg>
<arg>0.0</arg>
<arg>--second</arg>
<arg>0.0</arg>
<arg>--third</arg>
<arg>0.0</arg>
<arg>--fourth</arg>
<arg>0.0</arg>
<arg>stdout=${STDOUT DIR}</arg>
<arg>stderr=${STDERR DIR}</arg>
<arg>output_encoding=SYSTEM</arg>
</arguments>
<assign>
<var>${result}</var>
</assign>
<msg timestamp="20200117 12:11:03.681" level="INFO">Starting process:
python lab6/Main.py --first 0.0 --second 0.0 --third 0.0 --fourth 0.0</msg>
<msg timestamp="20200117 12:11:03.682" level="INFO">Waiting for process to complete.</msg>
<msg timestamp="20200117 12:11:03.743" level="INFO">Process completed.</msg>
<msg timestamp="20200117 12:11:03.743" level="INFO">${result} = &lt;result object with rc 0&gt;</msg>
<status status="PASS" starttime="20200117 12:11:03.680" endtime="20200117 12:11:03.743"></status>
</kw>
<kw name="Log Many" library="BuiltIn">
<doc>Logs the given messages as separate entries using the INFO level.</doc>
<arguments>
<arg>stdout: ${result.stdout}</arg>
<arg>stderr: ${result.stderr}</arg>
</arguments>
<msg timestamp="20200117 12:11:03.744" level="INFO">stdout: Podano boki:  [0.0, 0.0, 0.0, 0.0]
Możliwa figura:  nierozpoznano</msg>
<msg timestamp="20200117 12:11:03.745" level="INFO">stderr: </msg>
<status status="PASS" starttime="20200117 12:11:03.744" endtime="20200117 12:11:03.745"></status>
</kw>
<kw name="Should Contain" library="BuiltIn">
<doc>Fails if ``container`` does not contain ``item`` one or more times.</doc>
<arguments>
<arg>${result.stdout}</arg>
<arg>nierozpoznano</arg>
</arguments>
<status status="PASS" starttime="20200117 12:11:03.745" endtime="20200117 12:11:03.745"></status>
</kw>
<status status="PASS" starttime="20200117 12:11:03.679" endtime="20200117 12:11:03.746" critical="yes"></status>
</test>
<test id="s1-t19" name="TEST9) CZWOROBOK NIEMOŻLIWY (podano któryś bok 0.0)">
<kw name="Run Process" library="Process">
<doc>Runs a process and waits for it to complete.</doc>
<arguments>
<arg>python</arg>
<arg>${PROGRAM DIRECTORY}</arg>
<arg>--first</arg>
<arg>1.0</arg>
<arg>--second</arg>
<arg>3.0</arg>
<arg>--third</arg>
<arg>2.0</arg>
<arg>--fourth</arg>
<arg>0.0</arg>
<arg>stdout=${STDOUT DIR}</arg>
<arg>stderr=${STDERR DIR}</arg>
<arg>output_encoding=SYSTEM</arg>
</arguments>
<assign>
<var>${result}</var>
</assign>
<msg timestamp="20200117 12:11:03.748" level="INFO">Starting process:
python lab6/Main.py --first 1.0 --second 3.0 --third 2.0 --fourth 0.0</msg>
<msg timestamp="20200117 12:11:03.749" level="INFO">Waiting for process to complete.</msg>
<msg timestamp="20200117 12:11:03.814" level="INFO">Process completed.</msg>
<msg timestamp="20200117 12:11:03.814" level="INFO">${result} = &lt;result object with rc 0&gt;</msg>
<status status="PASS" starttime="20200117 12:11:03.747" endtime="20200117 12:11:03.814"></status>
</kw>
<kw name="Log Many" library="BuiltIn">
<doc>Logs the given messages as separate entries using the INFO level.</doc>
<arguments>
<arg>stdout: ${result.stdout}</arg>
<arg>stderr: ${result.stderr}</arg>
</arguments>
<msg timestamp="20200117 12:11:03.816" level="INFO">stdout: Podano boki:  [1.0, 3.0, 2.0, 0.0]
Możliwa figura:  nierozpoznano</msg>
<msg timestamp="20200117 12:11:03.816" level="INFO">stderr: </msg>
<status status="PASS" starttime="20200117 12:11:03.815" endtime="20200117 12:11:03.816"></status>
</kw>
<kw name="Should Contain" library="BuiltIn">
<doc>Fails if ``container`` does not contain ``item`` one or more times.</doc>
<arguments>
<arg>${result.stdout}</arg>
<arg>nierozpoznano</arg>
</arguments>
<status status="PASS" starttime="20200117 12:11:03.816" endtime="20200117 12:11:03.816"></status>
</kw>
<status status="PASS" starttime="20200117 12:11:03.746" endtime="20200117 12:11:03.817" critical="yes"></status>
</test>
<test id="s1-t20" name="TEST7) CZWOROBOK NIEMOŻLIWY (pierwsze trzy boki są dłuższe niż czwarty bok)">
<kw name="Run Process" library="Process">
<doc>Runs a process and waits for it to complete.</doc>
<arguments>
<arg>python</arg>
<arg>${PROGRAM DIRECTORY}</arg>
<arg>--first</arg>
<arg>10.0</arg>
<arg>--second</arg>
<arg>3.0</arg>
<arg>--third</arg>
<arg>1.0</arg>
<arg>--fourth</arg>
<arg>1.0</arg>
<arg>stdout=${STDOUT DIR}</arg>
<arg>stderr=${STDERR DIR}</arg>
<arg>output_encoding=SYSTEM</arg>
</arguments>
<assign>
<var>${result}</var>
</assign>
<msg timestamp="20200117 12:11:03.819" level="INFO">Starting process:
python lab6/Main.py --first 10.0 --second 3.0 --third 1.0 --fourth 1.0</msg>
<msg timestamp="20200117 12:11:03.821" level="INFO">Waiting for process to complete.</msg>
<msg timestamp="20200117 12:11:03.883" level="INFO">Process completed.</msg>
<msg timestamp="20200117 12:11:03.883" level="INFO">${result} = &lt;result object with rc 0&gt;</msg>
<status status="PASS" starttime="20200117 12:11:03.818" endtime="20200117 12:11:03.883"></status>
</kw>
<kw name="Log Many" library="BuiltIn">
<doc>Logs the given messages as separate entries using the INFO level.</doc>
<arguments>
<arg>stdout: ${result.stdout}</arg>
<arg>stderr: ${result.stderr}</arg>
</arguments>
<msg timestamp="20200117 12:11:03.884" level="INFO">stdout: Podano boki:  [10.0, 3.0, 1.0, 1.0]
Możliwa figura:  nierozpoznano</msg>
<msg timestamp="20200117 12:11:03.884" level="INFO">stderr: </msg>
<status status="PASS" starttime="20200117 12:11:03.884" endtime="20200117 12:11:03.884"></status>
</kw>
<kw name="Should Contain" library="BuiltIn">
<doc>Fails if ``container`` does not contain ``item`` one or more times.</doc>
<arguments>
<arg>${result.stdout}</arg>
<arg>nierozpoznano</arg>
</arguments>
<status status="PASS" starttime="20200117 12:11:03.884" endtime="20200117 12:11:03.886"></status>
</kw>
<status status="PASS" starttime="20200117 12:11:03.818" endtime="20200117 12:11:03.886" critical="yes"></status>
</test>
<kw name="Terminate All Processes" library="Process" type="teardown">
<doc>Terminates all still running processes started by this library.</doc>
<arguments>
<arg>kill=True</arg>
</arguments>
<status status="PASS" starttime="20200117 12:11:03.887" endtime="20200117 12:11:03.889"></status>
</kw>
<status status="PASS" starttime="20200117 12:11:02.466" endtime="20200117 12:11:03.889"></status>
</suite>
<statistics>
<total>
<stat pass="20" fail="0">Critical Tests</stat>
<stat pass="20" fail="0">All Tests</stat>
</total>
<tag>
</tag>
<suite>
<stat pass="20" fail="0" id="s1" name="Test Cli">Test Cli</stat>
</suite>
</statistics>
<errors>
</errors>
</robot>
