<?xml version="1.0" encoding="UTF-8"?>
<robot generator="Robot 3.1.2 (Python 3.7.5 on win32)" generated="20200117 12:27:50.744" rpa="false">
<suite id="s1" name="Test Cli" source="C:\Users\ravcz\Desktop\TAU_REPO\TAU1\LAB6 cli\test_cli.robot">
<test id="s1-t1" name="TEST1) WYSWIETLANIE HELP BOX">
<kw name="Czy wyświetli się help box na żądanie">
<kw name="Run Process" library="Process">
<doc>Runs a process and waits for it to complete.</doc>
<arguments>
<arg>python</arg>
<arg>${PROGRAM DIRECTORY}</arg>
<arg>--help</arg>
<arg>stdout=${STDOUT DIR}</arg>
<arg>stderr=${STDERR DIR}</arg>
<arg>output_encoding=SYSTEM</arg>
</arguments>
<assign>
<var>${result}</var>
</assign>
<msg timestamp="20200117 12:27:50.771" level="INFO">Starting process:
python lab6/Main.py --help</msg>
<msg timestamp="20200117 12:27:50.774" level="INFO">Waiting for process to complete.</msg>
<msg timestamp="20200117 12:27:50.839" level="INFO">Process completed.</msg>
<msg timestamp="20200117 12:27:50.839" level="INFO">${result} = &lt;result object with rc 0&gt;</msg>
<status status="PASS" starttime="20200117 12:27:50.771" endtime="20200117 12:27:50.839"></status>
</kw>
<kw name="Log Many" library="BuiltIn">
<doc>Logs the given messages as separate entries using the INFO level.</doc>
<arguments>
<arg>stdout: ${result.stdout}</arg>
<arg>stderr: ${result.stderr}</arg>
</arguments>
<msg timestamp="20200117 12:27:50.840" level="INFO">stdout: usage: Main.py [-h] --first {range =&gt;
               [0.00 : +infinity]} --second {range =&gt; [0.00 : +infinity]} --third {range =&gt; [0.00 : +infinity]} [--fourth {range =&gt; [0.00 : +infinity]}]

Find out if you can build triangle or something else!

optional arguments:
  -h, --help            show this help message and exit
  --first {range =&gt; [0.00 : +infinity]}
                        Pass here proper side length 'value &gt;= 0'
  --second {range =&gt; [0.00 : +infinity]}
                        Pass here proper side length 'value &gt;= 0'
  --third {range =&gt; [0.00 : +infinity]}
                        Pass here proper side length 'value &gt;= 0'
  --fourth {range =&gt; [0.00 : +infinity]}
                        Pass here proper side length 'value &gt;= 0'</msg>
<msg timestamp="20200117 12:27:50.841" level="INFO">stderr: </msg>
<status status="PASS" starttime="20200117 12:27:50.839" endtime="20200117 12:27:50.841"></status>
</kw>
<kw name="Should Contain" library="BuiltIn">
<doc>Fails if ``container`` does not contain ``item`` one or more times.</doc>
<arguments>
<arg>${result.stdout}</arg>
<arg>show this help message and exit</arg>
</arguments>
<status status="PASS" starttime="20200117 12:27:50.841" endtime="20200117 12:27:50.841"></status>
</kw>
<status status="PASS" starttime="20200117 12:27:50.770" endtime="20200117 12:27:50.841"></status>
</kw>
<status status="PASS" starttime="20200117 12:27:50.770" endtime="20200117 12:27:50.841" critical="yes"></status>
</test>
<test id="s1-t2" name="TEST2) BŁĄD Z POWODU NIE PODANIA PARAMETRÓW (3 obowiązkowe)">
<kw name="Czy wyświetli błąd z powodu braku któregoś z parametrów">
<kw name="Run Process" library="Process">
<doc>Runs a process and waits for it to complete.</doc>
<arguments>
<arg>python</arg>
<arg>${PROGRAM DIRECTORY}</arg>
<arg>stdout=${STDOUT DIR}</arg>
<arg>stderr=${STDERR DIR}</arg>
<arg>output_encoding=SYSTEM</arg>
</arguments>
<assign>
<var>${result}</var>
</assign>
<msg timestamp="20200117 12:27:50.844" level="INFO">Starting process:
python lab6/Main.py</msg>
<msg timestamp="20200117 12:27:50.846" level="INFO">Waiting for process to complete.</msg>
<msg timestamp="20200117 12:27:50.910" level="INFO">Process completed.</msg>
<msg timestamp="20200117 12:27:50.910" level="INFO">${result} = &lt;result object with rc 2&gt;</msg>
<status status="PASS" starttime="20200117 12:27:50.843" endtime="20200117 12:27:50.910"></status>
</kw>
<kw name="Log Many" library="BuiltIn">
<doc>Logs the given messages as separate entries using the INFO level.</doc>
<arguments>
<arg>stdout: ${result.stdout}</arg>
<arg>stderr: ${result.stderr}</arg>
</arguments>
<msg timestamp="20200117 12:27:50.910" level="INFO">stdout: </msg>
<msg timestamp="20200117 12:27:50.911" level="INFO">stderr: usage: Main.py [-h] --first {range =&gt;
               [0.00 : +infinity]} --second {range =&gt; [0.00 : +infinity]} --third {range =&gt; [0.00 : +infinity]} [--fourth {range =&gt; [0.00 : +infinity]}]
Main.py: error: the following arguments are required: --first, --second, --third</msg>
<status status="PASS" starttime="20200117 12:27:50.910" endtime="20200117 12:27:50.911"></status>
</kw>
<kw name="Should Contain" library="BuiltIn">
<doc>Fails if ``container`` does not contain ``item`` one or more times.</doc>
<arguments>
<arg>${result.stderr}</arg>
<arg>the following arguments are required: --first, --second, --third</arg>
</arguments>
<status status="PASS" starttime="20200117 12:27:50.911" endtime="20200117 12:27:50.911"></status>
</kw>
<status status="PASS" starttime="20200117 12:27:50.843" endtime="20200117 12:27:50.911"></status>
</kw>
<status status="PASS" starttime="20200117 12:27:50.842" endtime="20200117 12:27:50.912" critical="yes"></status>
</test>
<test id="s1-t3" name="TEST3) BŁĄD Z POWODU NIE PODANIA ZŁEGO TYPU PARAMETRÓW (3 obowiązkowe)">
<kw name="Czy wyświetli błąd z powodu będnego typu parametru">
<kw name="Run Process" library="Process">
<doc>Runs a process and waits for it to complete.</doc>
<arguments>
<arg>python</arg>
<arg>${PROGRAM DIRECTORY}</arg>
<arg>--first</arg>
<arg>a</arg>
<arg>--second</arg>
<arg>b</arg>
<arg>--third</arg>
<arg>c</arg>
<arg>--fourth</arg>
<arg>d</arg>
<arg>stdout=${STDOUT DIR}</arg>
<arg>stderr=${STDERR DIR}</arg>
<arg>output_encoding=SYSTEM</arg>
</arguments>
<assign>
<var>${result}</var>
</assign>
<msg timestamp="20200117 12:27:50.915" level="INFO">Starting process:
python lab6/Main.py --first a --second b --third c --fourth d</msg>
<msg timestamp="20200117 12:27:50.917" level="INFO">Waiting for process to complete.</msg>
<msg timestamp="20200117 12:27:50.982" level="INFO">Process completed.</msg>
<msg timestamp="20200117 12:27:50.982" level="INFO">${result} = &lt;result object with rc 2&gt;</msg>
<status status="PASS" starttime="20200117 12:27:50.914" endtime="20200117 12:27:50.982"></status>
</kw>
<kw name="Log Many" library="BuiltIn">
<doc>Logs the given messages as separate entries using the INFO level.</doc>
<arguments>
<arg>stdout: ${result.stdout}</arg>
<arg>stderr: ${result.stderr}</arg>
</arguments>
<msg timestamp="20200117 12:27:50.983" level="INFO">stdout: </msg>
<msg timestamp="20200117 12:27:50.984" level="INFO">stderr: usage: Main.py [-h] --first {range =&gt;
               [0.00 : +infinity]} --second {range =&gt; [0.00 : +infinity]} --third {range =&gt; [0.00 : +infinity]} [--fourth {range =&gt; [0.00 : +infinity]}]
Main.py: error: argument --first: invalid float value: 'a'</msg>
<status status="PASS" starttime="20200117 12:27:50.982" endtime="20200117 12:27:50.984"></status>
</kw>
<kw name="Should Contain" library="BuiltIn">
<doc>Fails if ``container`` does not contain ``item`` one or more times.</doc>
<arguments>
<arg>${result.stderr}</arg>
<arg>invalid float value</arg>
</arguments>
<status status="PASS" starttime="20200117 12:27:50.984" endtime="20200117 12:27:50.984"></status>
</kw>
<status status="PASS" starttime="20200117 12:27:50.914" endtime="20200117 12:27:50.984"></status>
</kw>
<status status="PASS" starttime="20200117 12:27:50.913" endtime="20200117 12:27:50.984" critical="yes"></status>
</test>
<test id="s1-t4" name="TEST4) TRÓJKĄT RÓWNOBOCZNY">
<kw name="Sprawdzenie trójkąta równobocznego">
<kw name="Run Process" library="Process">
<doc>Runs a process and waits for it to complete.</doc>
<arguments>
<arg>python</arg>
<arg>${PROGRAM DIRECTORY}</arg>
<arg>--first</arg>
<arg>3.0</arg>
<arg>--second</arg>
<arg>3.0</arg>
<arg>--third</arg>
<arg>3.0</arg>
<arg>stdout=${STDOUT DIR}</arg>
<arg>stderr=${STDERR DIR}</arg>
<arg>output_encoding=SYSTEM</arg>
</arguments>
<assign>
<var>${result}</var>
</assign>
<msg timestamp="20200117 12:27:50.986" level="INFO">Starting process:
python lab6/Main.py --first 3.0 --second 3.0 --third 3.0</msg>
<msg timestamp="20200117 12:27:50.988" level="INFO">Waiting for process to complete.</msg>
<msg timestamp="20200117 12:27:51.048" level="INFO">Process completed.</msg>
<msg timestamp="20200117 12:27:51.048" level="INFO">${result} = &lt;result object with rc 0&gt;</msg>
<status status="PASS" starttime="20200117 12:27:50.986" endtime="20200117 12:27:51.048"></status>
</kw>
<kw name="Log Many" library="BuiltIn">
<doc>Logs the given messages as separate entries using the INFO level.</doc>
<arguments>
<arg>stdout: ${result.stdout}</arg>
<arg>stderr: ${result.stderr}</arg>
</arguments>
<msg timestamp="20200117 12:27:51.049" level="INFO">stdout: Podano boki:  [3.0, 3.0, 3.0, None]
Możliwa figura:  trójkąt równoboczny</msg>
<msg timestamp="20200117 12:27:51.049" level="INFO">stderr: </msg>
<status status="PASS" starttime="20200117 12:27:51.049" endtime="20200117 12:27:51.050"></status>
</kw>
<kw name="Should Contain" library="BuiltIn">
<doc>Fails if ``container`` does not contain ``item`` one or more times.</doc>
<arguments>
<arg>${result.stdout}</arg>
<arg>trójkąt równoboczny</arg>
</arguments>
<status status="PASS" starttime="20200117 12:27:51.050" endtime="20200117 12:27:51.050"></status>
</kw>
<status status="PASS" starttime="20200117 12:27:50.985" endtime="20200117 12:27:51.050"></status>
</kw>
<status status="PASS" starttime="20200117 12:27:50.985" endtime="20200117 12:27:51.050" critical="yes"></status>
</test>
<test id="s1-t5" name="TEST5) TRÓJKĄT RÓWNORAMIENNY">
<kw name="Sprawdzenie trójkąta równoramiennego">
<kw name="Run Process" library="Process">
<doc>Runs a process and waits for it to complete.</doc>
<arguments>
<arg>python</arg>
<arg>${PROGRAM DIRECTORY}</arg>
<arg>--first</arg>
<arg>3.0</arg>
<arg>--second</arg>
<arg>3.0</arg>
<arg>--third</arg>
<arg>2.0</arg>
<arg>stdout=${STDOUT DIR}</arg>
<arg>stderr=${STDERR DIR}</arg>
<arg>output_encoding=SYSTEM</arg>
</arguments>
<assign>
<var>${result}</var>
</assign>
<msg timestamp="20200117 12:27:51.052" level="INFO">Starting process:
python lab6/Main.py --first 3.0 --second 3.0 --third 2.0</msg>
<msg timestamp="20200117 12:27:51.055" level="INFO">Waiting for process to complete.</msg>
<msg timestamp="20200117 12:27:51.115" level="INFO">Process completed.</msg>
<msg timestamp="20200117 12:27:51.115" level="INFO">${result} = &lt;result object with rc 0&gt;</msg>
<status status="PASS" starttime="20200117 12:27:51.051" endtime="20200117 12:27:51.115"></status>
</kw>
<kw name="Log Many" library="BuiltIn">
<doc>Logs the given messages as separate entries using the INFO level.</doc>
<arguments>
<arg>stdout: ${result.stdout}</arg>
<arg>stderr: ${result.stderr}</arg>
</arguments>
<msg timestamp="20200117 12:27:51.116" level="INFO">stdout: Podano boki:  [3.0, 3.0, 2.0, None]
Możliwa figura:  trójkąt równoramieny</msg>
<msg timestamp="20200117 12:27:51.116" level="INFO">stderr: </msg>
<status status="PASS" starttime="20200117 12:27:51.115" endtime="20200117 12:27:51.116"></status>
</kw>
<kw name="Should Contain" library="BuiltIn">
<doc>Fails if ``container`` does not contain ``item`` one or more times.</doc>
<arguments>
<arg>${result.stdout}</arg>
<arg>trójkąt równoramieny</arg>
</arguments>
<status status="PASS" starttime="20200117 12:27:51.116" endtime="20200117 12:27:51.117"></status>
</kw>
<status status="PASS" starttime="20200117 12:27:51.051" endtime="20200117 12:27:51.117"></status>
</kw>
<status status="PASS" starttime="20200117 12:27:51.051" endtime="20200117 12:27:51.117" critical="yes"></status>
</test>
<test id="s1-t6" name="TEST6) TRÓJKĄT RÓŻNOBOCZNY">
<kw name="Sprawdzenie trójkąta różnobocznego">
<kw name="Run Process" library="Process">
<doc>Runs a process and waits for it to complete.</doc>
<arguments>
<arg>python</arg>
<arg>${PROGRAM DIRECTORY}</arg>
<arg>--first</arg>
<arg>1.5</arg>
<arg>--second</arg>
<arg>2.0</arg>
<arg>--third</arg>
<arg>3.0</arg>
<arg>stdout=${STDOUT DIR}</arg>
<arg>stderr=${STDERR DIR}</arg>
<arg>output_encoding=SYSTEM</arg>
</arguments>
<assign>
<var>${result}</var>
</assign>
<msg timestamp="20200117 12:27:51.119" level="INFO">Starting process:
python lab6/Main.py --first 1.5 --second 2.0 --third 3.0</msg>
<msg timestamp="20200117 12:27:51.121" level="INFO">Waiting for process to complete.</msg>
<msg timestamp="20200117 12:27:51.184" level="INFO">Process completed.</msg>
<msg timestamp="20200117 12:27:51.184" level="INFO">${result} = &lt;result object with rc 0&gt;</msg>
<status status="PASS" starttime="20200117 12:27:51.119" endtime="20200117 12:27:51.184"></status>
</kw>
<kw name="Log Many" library="BuiltIn">
<doc>Logs the given messages as separate entries using the INFO level.</doc>
<arguments>
<arg>stdout: ${result.stdout}</arg>
<arg>stderr: ${result.stderr}</arg>
</arguments>
<msg timestamp="20200117 12:27:51.185" level="INFO">stdout: Podano boki:  [1.5, 2.0, 3.0, None]
Możliwa figura:  trójkąt różnoramienny</msg>
<msg timestamp="20200117 12:27:51.185" level="INFO">stderr: </msg>
<status status="PASS" starttime="20200117 12:27:51.184" endtime="20200117 12:27:51.185"></status>
</kw>
<kw name="Should Contain" library="BuiltIn">
<doc>Fails if ``container`` does not contain ``item`` one or more times.</doc>
<arguments>
<arg>${result.stdout}</arg>
<arg>trójkąt różnoramienny</arg>
</arguments>
<status status="PASS" starttime="20200117 12:27:51.185" endtime="20200117 12:27:51.185"></status>
</kw>
<status status="PASS" starttime="20200117 12:27:51.118" endtime="20200117 12:27:51.186"></status>
</kw>
<status status="PASS" starttime="20200117 12:27:51.118" endtime="20200117 12:27:51.186" critical="yes"></status>
</test>
<test id="s1-t7" name="TEST7) TRÓJKĄT NIEMOŻLIWY">
<kw name="Pierwsze dwa boki są krótsze od trzeciego boku">
<kw name="Run Process" library="Process">
<doc>Runs a process and waits for it to complete.</doc>
<arguments>
<arg>python</arg>
<arg>${PROGRAM DIRECTORY}</arg>
<arg>--first</arg>
<arg>1.0</arg>
<arg>--second</arg>
<arg>2.0</arg>
<arg>--third</arg>
<arg>3.0</arg>
<arg>stdout=${STDOUT DIR}</arg>
<arg>stderr=${STDERR DIR}</arg>
<arg>output_encoding=SYSTEM</arg>
</arguments>
<assign>
<var>${result}</var>
</assign>
<msg timestamp="20200117 12:27:51.188" level="INFO">Starting process:
python lab6/Main.py --first 1.0 --second 2.0 --third 3.0</msg>
<msg timestamp="20200117 12:27:51.190" level="INFO">Waiting for process to complete.</msg>
<msg timestamp="20200117 12:27:51.250" level="INFO">Process completed.</msg>
<msg timestamp="20200117 12:27:51.251" level="INFO">${result} = &lt;result object with rc 0&gt;</msg>
<status status="PASS" starttime="20200117 12:27:51.188" endtime="20200117 12:27:51.251"></status>
</kw>
<kw name="Log Many" library="BuiltIn">
<doc>Logs the given messages as separate entries using the INFO level.</doc>
<arguments>
<arg>stdout: ${result.stdout}</arg>
<arg>stderr: ${result.stderr}</arg>
</arguments>
<msg timestamp="20200117 12:27:51.251" level="INFO">stdout: Podano boki:  [1.0, 2.0, 3.0, None]
Możliwa figura:  nierozpoznano</msg>
<msg timestamp="20200117 12:27:51.252" level="INFO">stderr: </msg>
<status status="PASS" starttime="20200117 12:27:51.251" endtime="20200117 12:27:51.252"></status>
</kw>
<kw name="Should Contain" library="BuiltIn">
<doc>Fails if ``container`` does not contain ``item`` one or more times.</doc>
<arguments>
<arg>${result.stdout}</arg>
<arg>nierozpoznano</arg>
</arguments>
<status status="PASS" starttime="20200117 12:27:51.252" endtime="20200117 12:27:51.252"></status>
</kw>
<status status="PASS" starttime="20200117 12:27:51.187" endtime="20200117 12:27:51.252"></status>
</kw>
<status status="PASS" starttime="20200117 12:27:51.187" endtime="20200117 12:27:51.253" critical="yes"></status>
</test>
<test id="s1-t8" name="TEST8) TRÓJKĄT NIEMOŻLIWY (podano długości boków 0.0)">
<kw name="Podano wszystkie boki równe zero">
<kw name="Run Process" library="Process">
<doc>Runs a process and waits for it to complete.</doc>
<arguments>
<arg>python</arg>
<arg>${PROGRAM DIRECTORY}</arg>
<arg>--first</arg>
<arg>0.0</arg>
<arg>--second</arg>
<arg>0.0</arg>
<arg>--third</arg>
<arg>0.0</arg>
<arg>stdout=${STDOUT DIR}</arg>
<arg>stderr=${STDERR DIR}</arg>
<arg>output_encoding=SYSTEM</arg>
</arguments>
<assign>
<var>${result}</var>
</assign>
<msg timestamp="20200117 12:27:51.255" level="INFO">Starting process:
python lab6/Main.py --first 0.0 --second 0.0 --third 0.0</msg>
<msg timestamp="20200117 12:27:51.257" level="INFO">Waiting for process to complete.</msg>
<msg timestamp="20200117 12:27:51.319" level="INFO">Process completed.</msg>
<msg timestamp="20200117 12:27:51.319" level="INFO">${result} = &lt;result object with rc 0&gt;</msg>
<status status="PASS" starttime="20200117 12:27:51.254" endtime="20200117 12:27:51.319"></status>
</kw>
<kw name="Log Many" library="BuiltIn">
<doc>Logs the given messages as separate entries using the INFO level.</doc>
<arguments>
<arg>stdout: ${result.stdout}</arg>
<arg>stderr: ${result.stderr}</arg>
</arguments>
<msg timestamp="20200117 12:27:51.320" level="INFO">stdout: Podano boki:  [0.0, 0.0, 0.0, None]
Możliwa figura:  nierozpoznano</msg>
<msg timestamp="20200117 12:27:51.320" level="INFO">stderr: </msg>
<status status="PASS" starttime="20200117 12:27:51.320" endtime="20200117 12:27:51.321"></status>
</kw>
<kw name="Should Contain" library="BuiltIn">
<doc>Fails if ``container`` does not contain ``item`` one or more times.</doc>
<arguments>
<arg>${result.stdout}</arg>
<arg>nierozpoznano</arg>
</arguments>
<status status="PASS" starttime="20200117 12:27:51.321" endtime="20200117 12:27:51.321"></status>
</kw>
<status status="PASS" starttime="20200117 12:27:51.254" endtime="20200117 12:27:51.321"></status>
</kw>
<status status="PASS" starttime="20200117 12:27:51.253" endtime="20200117 12:27:51.321" critical="yes"></status>
</test>
<test id="s1-t9" name="TEST9) TRÓJKĄT NIEMOŻLIWY (podano któryś bok 0.0)">
<kw name="Podano któryś bok równy zero">
<kw name="Run Process" library="Process">
<doc>Runs a process and waits for it to complete.</doc>
<arguments>
<arg>python</arg>
<arg>${PROGRAM DIRECTORY}</arg>
<arg>--first</arg>
<arg>0.0</arg>
<arg>--second</arg>
<arg>3.0</arg>
<arg>--third</arg>
<arg>2.0</arg>
<arg>stdout=${STDOUT DIR}</arg>
<arg>stderr=${STDERR DIR}</arg>
<arg>output_encoding=SYSTEM</arg>
</arguments>
<assign>
<var>${result}</var>
</assign>
<msg timestamp="20200117 12:27:51.324" level="INFO">Starting process:
python lab6/Main.py --first 0.0 --second 3.0 --third 2.0</msg>
<msg timestamp="20200117 12:27:51.326" level="INFO">Waiting for process to complete.</msg>
<msg timestamp="20200117 12:27:51.386" level="INFO">Process completed.</msg>
<msg timestamp="20200117 12:27:51.386" level="INFO">${result} = &lt;result object with rc 0&gt;</msg>
<status status="PASS" starttime="20200117 12:27:51.322" endtime="20200117 12:27:51.386"></status>
</kw>
<kw name="Log Many" library="BuiltIn">
<doc>Logs the given messages as separate entries using the INFO level.</doc>
<arguments>
<arg>stdout: ${result.stdout}</arg>
<arg>stderr: ${result.stderr}</arg>
</arguments>
<msg timestamp="20200117 12:27:51.387" level="INFO">stdout: Podano boki:  [0.0, 3.0, 2.0, None]
Możliwa figura:  nierozpoznano</msg>
<msg timestamp="20200117 12:27:51.387" level="INFO">stderr: </msg>
<status status="PASS" starttime="20200117 12:27:51.386" endtime="20200117 12:27:51.387"></status>
</kw>
<kw name="Should Contain" library="BuiltIn">
<doc>Fails if ``container`` does not contain ``item`` one or more times.</doc>
<arguments>
<arg>${result.stdout}</arg>
<arg>nierozpoznano</arg>
</arguments>
<status status="PASS" starttime="20200117 12:27:51.387" endtime="20200117 12:27:51.388"></status>
</kw>
<status status="PASS" starttime="20200117 12:27:51.322" endtime="20200117 12:27:51.388"></status>
</kw>
<status status="PASS" starttime="20200117 12:27:51.322" endtime="20200117 12:27:51.388" critical="yes"></status>
</test>
<test id="s1-t10" name="TEST10) CZWOROBOK KWADRAT">
<kw name="Sprawdzenie czy rozpoznał kwadrat">
<kw name="Run Process" library="Process">
<doc>Runs a process and waits for it to complete.</doc>
<arguments>
<arg>python</arg>
<arg>${PROGRAM DIRECTORY}</arg>
<arg>--first</arg>
<arg>3.0</arg>
<arg>--second</arg>
<arg>3.0</arg>
<arg>--third</arg>
<arg>3.0</arg>
<arg>--fourth</arg>
<arg>3.0</arg>
<arg>stdout=${STDOUT DIR}</arg>
<arg>stderr=${STDERR DIR}</arg>
<arg>output_encoding=SYSTEM</arg>
</arguments>
<assign>
<var>${result}</var>
</assign>
<msg timestamp="20200117 12:27:51.391" level="INFO">Starting process:
python lab6/Main.py --first 3.0 --second 3.0 --third 3.0 --fourth 3.0</msg>
<msg timestamp="20200117 12:27:51.392" level="INFO">Waiting for process to complete.</msg>
<msg timestamp="20200117 12:27:51.453" level="INFO">Process completed.</msg>
<msg timestamp="20200117 12:27:51.453" level="INFO">${result} = &lt;result object with rc 0&gt;</msg>
<status status="PASS" starttime="20200117 12:27:51.390" endtime="20200117 12:27:51.453"></status>
</kw>
<kw name="Log Many" library="BuiltIn">
<doc>Logs the given messages as separate entries using the INFO level.</doc>
<arguments>
<arg>stdout: ${result.stdout}</arg>
<arg>stderr: ${result.stderr}</arg>
</arguments>
<msg timestamp="20200117 12:27:51.453" level="INFO">stdout: Podano boki:  [3.0, 3.0, 3.0, 3.0]
Możliwa figura:  kwadrat</msg>
<msg timestamp="20200117 12:27:51.453" level="INFO">stderr: </msg>
<status status="PASS" starttime="20200117 12:27:51.453" endtime="20200117 12:27:51.453"></status>
</kw>
<kw name="Should Contain" library="BuiltIn">
<doc>Fails if ``container`` does not contain ``item`` one or more times.</doc>
<arguments>
<arg>${result.stdout}</arg>
<arg>kwadrat</arg>
</arguments>
<status status="PASS" starttime="20200117 12:27:51.453" endtime="20200117 12:27:51.455"></status>
</kw>
<status status="PASS" starttime="20200117 12:27:51.389" endtime="20200117 12:27:51.455"></status>
</kw>
<status status="PASS" starttime="20200117 12:27:51.389" endtime="20200117 12:27:51.455" critical="yes"></status>
</test>
<test id="s1-t11" name="TEST11) CZWOROBOK CZWOROBOK a,b,c,d">
<kw name="Sprawdzenie czy rozpoznał czworobok a,b,c,d">
<kw name="Run Process" library="Process">
<doc>Runs a process and waits for it to complete.</doc>
<arguments>
<arg>python</arg>
<arg>${PROGRAM DIRECTORY}</arg>
<arg>--first</arg>
<arg>1.0</arg>
<arg>--second</arg>
<arg>2.0</arg>
<arg>--third</arg>
<arg>3.0</arg>
<arg>--fourth</arg>
<arg>4.0</arg>
<arg>stdout=${STDOUT DIR}</arg>
<arg>stderr=${STDERR DIR}</arg>
<arg>output_encoding=SYSTEM</arg>
</arguments>
<assign>
<var>${result}</var>
</assign>
<msg timestamp="20200117 12:27:51.458" level="INFO">Starting process:
python lab6/Main.py --first 1.0 --second 2.0 --third 3.0 --fourth 4.0</msg>
<msg timestamp="20200117 12:27:51.459" level="INFO">Waiting for process to complete.</msg>
<msg timestamp="20200117 12:27:51.521" level="INFO">Process completed.</msg>
<msg timestamp="20200117 12:27:51.521" level="INFO">${result} = &lt;result object with rc 0&gt;</msg>
<status status="PASS" starttime="20200117 12:27:51.457" endtime="20200117 12:27:51.521"></status>
</kw>
<kw name="Log Many" library="BuiltIn">
<doc>Logs the given messages as separate entries using the INFO level.</doc>
<arguments>
<arg>stdout: ${result.stdout}</arg>
<arg>stderr: ${result.stderr}</arg>
</arguments>
<msg timestamp="20200117 12:27:51.522" level="INFO">stdout: Podano boki:  [1.0, 2.0, 3.0, 4.0]
Możliwa figura:  czworobok</msg>
<msg timestamp="20200117 12:27:51.522" level="INFO">stderr: </msg>
<status status="PASS" starttime="20200117 12:27:51.521" endtime="20200117 12:27:51.522"></status>
</kw>
<kw name="Should Contain" library="BuiltIn">
<doc>Fails if ``container`` does not contain ``item`` one or more times.</doc>
<arguments>
<arg>${result.stdout}</arg>
<arg>czworobok</arg>
</arguments>
<status status="PASS" starttime="20200117 12:27:51.522" endtime="20200117 12:27:51.522"></status>
</kw>
<status status="PASS" starttime="20200117 12:27:51.457" endtime="20200117 12:27:51.522"></status>
</kw>
<status status="PASS" starttime="20200117 12:27:51.456" endtime="20200117 12:27:51.523" critical="yes"></status>
</test>
<test id="s1-t12" name="TEST12) CZWOROBOK CZWOROBOK c,b,a,a">
<kw name="Sprawdzenie czy rozpoznał czworobok c,b,a,a">
<kw name="Run Process" library="Process">
<doc>Runs a process and waits for it to complete.</doc>
<arguments>
<arg>python</arg>
<arg>${PROGRAM DIRECTORY}</arg>
<arg>--first</arg>
<arg>3.0</arg>
<arg>--second</arg>
<arg>4.0</arg>
<arg>--third</arg>
<arg>2.0</arg>
<arg>--fourth</arg>
<arg>2.0</arg>
<arg>stdout=${STDOUT DIR}</arg>
<arg>stderr=${STDERR DIR}</arg>
<arg>output_encoding=SYSTEM</arg>
</arguments>
<assign>
<var>${result}</var>
</assign>
<msg timestamp="20200117 12:27:51.525" level="INFO">Starting process:
python lab6/Main.py --first 3.0 --second 4.0 --third 2.0 --fourth 2.0</msg>
<msg timestamp="20200117 12:27:51.528" level="INFO">Waiting for process to complete.</msg>
<msg timestamp="20200117 12:27:51.591" level="INFO">Process completed.</msg>
<msg timestamp="20200117 12:27:51.591" level="INFO">${result} = &lt;result object with rc 0&gt;</msg>
<status status="PASS" starttime="20200117 12:27:51.524" endtime="20200117 12:27:51.591"></status>
</kw>
<kw name="Log Many" library="BuiltIn">
<doc>Logs the given messages as separate entries using the INFO level.</doc>
<arguments>
<arg>stdout: ${result.stdout}</arg>
<arg>stderr: ${result.stderr}</arg>
</arguments>
<msg timestamp="20200117 12:27:51.592" level="INFO">stdout: Podano boki:  [3.0, 4.0, 2.0, 2.0]
Możliwa figura:  czworobok</msg>
<msg timestamp="20200117 12:27:51.592" level="INFO">stderr: </msg>
<status status="PASS" starttime="20200117 12:27:51.591" endtime="20200117 12:27:51.592"></status>
</kw>
<kw name="Should Contain" library="BuiltIn">
<doc>Fails if ``container`` does not contain ``item`` one or more times.</doc>
<arguments>
<arg>${result.stdout}</arg>
<arg>czworobok</arg>
</arguments>
<status status="PASS" starttime="20200117 12:27:51.592" endtime="20200117 12:27:51.592"></status>
</kw>
<status status="PASS" starttime="20200117 12:27:51.524" endtime="20200117 12:27:51.592"></status>
</kw>
<status status="PASS" starttime="20200117 12:27:51.524" endtime="20200117 12:27:51.593" critical="yes"></status>
</test>
<test id="s1-t13" name="TEST13) CZWOROBOK CZWOROBOK a,a,b,c">
<kw name="Sprawdzenie czy rozpoznał czworobok a,a,b,c">
<kw name="Run Process" library="Process">
<doc>Runs a process and waits for it to complete.</doc>
<arguments>
<arg>python</arg>
<arg>${PROGRAM DIRECTORY}</arg>
<arg>--first</arg>
<arg>2.0</arg>
<arg>--second</arg>
<arg>2.0</arg>
<arg>--third</arg>
<arg>3.0</arg>
<arg>--fourth</arg>
<arg>4.0</arg>
<arg>stdout=${STDOUT DIR}</arg>
<arg>stderr=${STDERR DIR}</arg>
<arg>output_encoding=SYSTEM</arg>
</arguments>
<assign>
<var>${result}</var>
</assign>
<msg timestamp="20200117 12:27:51.595" level="INFO">Starting process:
python lab6/Main.py --first 2.0 --second 2.0 --third 3.0 --fourth 4.0</msg>
<msg timestamp="20200117 12:27:51.597" level="INFO">Waiting for process to complete.</msg>
<msg timestamp="20200117 12:27:51.658" level="INFO">Process completed.</msg>
<msg timestamp="20200117 12:27:51.658" level="INFO">${result} = &lt;result object with rc 0&gt;</msg>
<status status="PASS" starttime="20200117 12:27:51.595" endtime="20200117 12:27:51.658"></status>
</kw>
<kw name="Log Many" library="BuiltIn">
<doc>Logs the given messages as separate entries using the INFO level.</doc>
<arguments>
<arg>stdout: ${result.stdout}</arg>
<arg>stderr: ${result.stderr}</arg>
</arguments>
<msg timestamp="20200117 12:27:51.658" level="INFO">stdout: Podano boki:  [2.0, 2.0, 3.0, 4.0]
Możliwa figura:  czworobok</msg>
<msg timestamp="20200117 12:27:51.659" level="INFO">stderr: </msg>
<status status="PASS" starttime="20200117 12:27:51.658" endtime="20200117 12:27:51.659"></status>
</kw>
<kw name="Should Contain" library="BuiltIn">
<doc>Fails if ``container`` does not contain ``item`` one or more times.</doc>
<arguments>
<arg>${result.stdout}</arg>
<arg>czworobok</arg>
</arguments>
<status status="PASS" starttime="20200117 12:27:51.659" endtime="20200117 12:27:51.659"></status>
</kw>
<status status="PASS" starttime="20200117 12:27:51.594" endtime="20200117 12:27:51.659"></status>
</kw>
<status status="PASS" starttime="20200117 12:27:51.594" endtime="20200117 12:27:51.660" critical="yes"></status>
</test>
<test id="s1-t14" name="TEST14) CZWOROBOK PROSTOKĄT a,b,a,b">
<kw name="Sprawdzenie czy rozpoznał prostokąt a,b,a,b">
<kw name="Run Process" library="Process">
<doc>Runs a process and waits for it to complete.</doc>
<arguments>
<arg>python</arg>
<arg>${PROGRAM DIRECTORY}</arg>
<arg>--first</arg>
<arg>1.0</arg>
<arg>--second</arg>
<arg>2.0</arg>
<arg>--third</arg>
<arg>1.0</arg>
<arg>--fourth</arg>
<arg>2.0</arg>
<arg>stdout=${STDOUT DIR}</arg>
<arg>stderr=${STDERR DIR}</arg>
<arg>output_encoding=SYSTEM</arg>
</arguments>
<assign>
<var>${result}</var>
</assign>
<msg timestamp="20200117 12:27:51.662" level="INFO">Starting process:
python lab6/Main.py --first 1.0 --second 2.0 --third 1.0 --fourth 2.0</msg>
<msg timestamp="20200117 12:27:51.664" level="INFO">Waiting for process to complete.</msg>
<msg timestamp="20200117 12:27:51.728" level="INFO">Process completed.</msg>
<msg timestamp="20200117 12:27:51.728" level="INFO">${result} = &lt;result object with rc 0&gt;</msg>
<status status="PASS" starttime="20200117 12:27:51.661" endtime="20200117 12:27:51.728"></status>
</kw>
<kw name="Log Many" library="BuiltIn">
<doc>Logs the given messages as separate entries using the INFO level.</doc>
<arguments>
<arg>stdout: ${result.stdout}</arg>
<arg>stderr: ${result.stderr}</arg>
</arguments>
<msg timestamp="20200117 12:27:51.729" level="INFO">stdout: Podano boki:  [1.0, 2.0, 1.0, 2.0]
Możliwa figura:  prostokąt</msg>
<msg timestamp="20200117 12:27:51.729" level="INFO">stderr: </msg>
<status status="PASS" starttime="20200117 12:27:51.728" endtime="20200117 12:27:51.729"></status>
</kw>
<kw name="Should Contain" library="BuiltIn">
<doc>Fails if ``container`` does not contain ``item`` one or more times.</doc>
<arguments>
<arg>${result.stdout}</arg>
<arg>prostokąt</arg>
</arguments>
<status status="PASS" starttime="20200117 12:27:51.729" endtime="20200117 12:27:51.729"></status>
</kw>
<status status="PASS" starttime="20200117 12:27:51.661" endtime="20200117 12:27:51.729"></status>
</kw>
<status status="PASS" starttime="20200117 12:27:51.661" endtime="20200117 12:27:51.730" critical="yes"></status>
</test>
<test id="s1-t15" name="TEST15) CZWOROBOK PROSTOKĄT a,b,b,a">
<kw name="Sprawdzenie czy rozpoznał prostokąt a,b,b,a">
<kw name="Run Process" library="Process">
<doc>Runs a process and waits for it to complete.</doc>
<arguments>
<arg>python</arg>
<arg>${PROGRAM DIRECTORY}</arg>
<arg>--first</arg>
<arg>1.0</arg>
<arg>--second</arg>
<arg>3.0</arg>
<arg>--third</arg>
<arg>3.0</arg>
<arg>--fourth</arg>
<arg>1.0</arg>
<arg>stdout=${STDOUT DIR}</arg>
<arg>stderr=${STDERR DIR}</arg>
<arg>output_encoding=SYSTEM</arg>
</arguments>
<assign>
<var>${result}</var>
</assign>
<msg timestamp="20200117 12:27:51.733" level="INFO">Starting process:
python lab6/Main.py --first 1.0 --second 3.0 --third 3.0 --fourth 1.0</msg>
<msg timestamp="20200117 12:27:51.735" level="INFO">Waiting for process to complete.</msg>
<msg timestamp="20200117 12:27:51.798" level="INFO">Process completed.</msg>
<msg timestamp="20200117 12:27:51.798" level="INFO">${result} = &lt;result object with rc 0&gt;</msg>
<status status="PASS" starttime="20200117 12:27:51.731" endtime="20200117 12:27:51.798"></status>
</kw>
<kw name="Log Many" library="BuiltIn">
<doc>Logs the given messages as separate entries using the INFO level.</doc>
<arguments>
<arg>stdout: ${result.stdout}</arg>
<arg>stderr: ${result.stderr}</arg>
</arguments>
<msg timestamp="20200117 12:27:51.799" level="INFO">stdout: Podano boki:  [1.0, 3.0, 3.0, 1.0]
Możliwa figura:  prostokąt</msg>
<msg timestamp="20200117 12:27:51.799" level="INFO">stderr: </msg>
<status status="PASS" starttime="20200117 12:27:51.798" endtime="20200117 12:27:51.799"></status>
</kw>
<kw name="Should Contain" library="BuiltIn">
<doc>Fails if ``container`` does not contain ``item`` one or more times.</doc>
<arguments>
<arg>${result.stdout}</arg>
<arg>prostokąt</arg>
</arguments>
<status status="PASS" starttime="20200117 12:27:51.799" endtime="20200117 12:27:51.800"></status>
</kw>
<status status="PASS" starttime="20200117 12:27:51.731" endtime="20200117 12:27:51.800"></status>
</kw>
<status status="PASS" starttime="20200117 12:27:51.731" endtime="20200117 12:27:51.800" critical="yes"></status>
</test>
<test id="s1-t16" name="TEST16) CZWOROBOK PROSTOKĄT a,a,b,b">
<kw name="Sprawdzenie czy rozpoznał prostokąt a,a,b,b">
<kw name="Run Process" library="Process">
<doc>Runs a process and waits for it to complete.</doc>
<arguments>
<arg>python</arg>
<arg>${PROGRAM DIRECTORY}</arg>
<arg>--first</arg>
<arg>1.0</arg>
<arg>--second</arg>
<arg>1.0</arg>
<arg>--third</arg>
<arg>3.0</arg>
<arg>--fourth</arg>
<arg>3.0</arg>
<arg>stdout=${STDOUT DIR}</arg>
<arg>stderr=${STDERR DIR}</arg>
<arg>output_encoding=SYSTEM</arg>
</arguments>
<assign>
<var>${result}</var>
</assign>
<msg timestamp="20200117 12:27:51.802" level="INFO">Starting process:
python lab6/Main.py --first 1.0 --second 1.0 --third 3.0 --fourth 3.0</msg>
<msg timestamp="20200117 12:27:51.805" level="INFO">Waiting for process to complete.</msg>
<msg timestamp="20200117 12:27:51.868" level="INFO">Process completed.</msg>
<msg timestamp="20200117 12:27:51.868" level="INFO">${result} = &lt;result object with rc 0&gt;</msg>
<status status="PASS" starttime="20200117 12:27:51.801" endtime="20200117 12:27:51.868"></status>
</kw>
<kw name="Log Many" library="BuiltIn">
<doc>Logs the given messages as separate entries using the INFO level.</doc>
<arguments>
<arg>stdout: ${result.stdout}</arg>
<arg>stderr: ${result.stderr}</arg>
</arguments>
<msg timestamp="20200117 12:27:51.869" level="INFO">stdout: Podano boki:  [1.0, 1.0, 3.0, 3.0]
Możliwa figura:  prostokąt</msg>
<msg timestamp="20200117 12:27:51.869" level="INFO">stderr: </msg>
<status status="PASS" starttime="20200117 12:27:51.868" endtime="20200117 12:27:51.869"></status>
</kw>
<kw name="Should Contain" library="BuiltIn">
<doc>Fails if ``container`` does not contain ``item`` one or more times.</doc>
<arguments>
<arg>${result.stdout}</arg>
<arg>prostokąt</arg>
</arguments>
<status status="PASS" starttime="20200117 12:27:51.869" endtime="20200117 12:27:51.870"></status>
</kw>
<status status="PASS" starttime="20200117 12:27:51.801" endtime="20200117 12:27:51.870"></status>
</kw>
<status status="PASS" starttime="20200117 12:27:51.801" endtime="20200117 12:27:51.870" critical="yes"></status>
</test>
<test id="s1-t17" name="TEST17) CZWOROBOK NIEMOŻLIWY (pierwsze trzy boki są krótsze niż czwarty bok)">
<kw name="Czy wyświetli nierozpoznano dla (pierwsze trzy boki są krótsze niż czwarty bok)">
<kw name="Run Process" library="Process">
<doc>Runs a process and waits for it to complete.</doc>
<arguments>
<arg>python</arg>
<arg>${PROGRAM DIRECTORY}</arg>
<arg>--first</arg>
<arg>1.0</arg>
<arg>--second</arg>
<arg>2.0</arg>
<arg>--third</arg>
<arg>3.0</arg>
<arg>--fourth</arg>
<arg>10.0</arg>
<arg>stdout=${STDOUT DIR}</arg>
<arg>stderr=${STDERR DIR}</arg>
<arg>output_encoding=SYSTEM</arg>
</arguments>
<assign>
<var>${result}</var>
</assign>
<msg timestamp="20200117 12:27:51.872" level="INFO">Starting process:
python lab6/Main.py --first 1.0 --second 2.0 --third 3.0 --fourth 10.0</msg>
<msg timestamp="20200117 12:27:51.875" level="INFO">Waiting for process to complete.</msg>
<msg timestamp="20200117 12:27:51.940" level="INFO">Process completed.</msg>
<msg timestamp="20200117 12:27:51.940" level="INFO">${result} = &lt;result object with rc 0&gt;</msg>
<status status="PASS" starttime="20200117 12:27:51.871" endtime="20200117 12:27:51.940"></status>
</kw>
<kw name="Log Many" library="BuiltIn">
<doc>Logs the given messages as separate entries using the INFO level.</doc>
<arguments>
<arg>stdout: ${result.stdout}</arg>
<arg>stderr: ${result.stderr}</arg>
</arguments>
<msg timestamp="20200117 12:27:51.941" level="INFO">stdout: Podano boki:  [1.0, 2.0, 3.0, 10.0]
Możliwa figura:  nierozpoznano</msg>
<msg timestamp="20200117 12:27:51.941" level="INFO">stderr: </msg>
<status status="PASS" starttime="20200117 12:27:51.940" endtime="20200117 12:27:51.941"></status>
</kw>
<kw name="Should Contain" library="BuiltIn">
<doc>Fails if ``container`` does not contain ``item`` one or more times.</doc>
<arguments>
<arg>${result.stdout}</arg>
<arg>nierozpoznano</arg>
</arguments>
<status status="PASS" starttime="20200117 12:27:51.941" endtime="20200117 12:27:51.941"></status>
</kw>
<status status="PASS" starttime="20200117 12:27:51.871" endtime="20200117 12:27:51.941"></status>
</kw>
<status status="PASS" starttime="20200117 12:27:51.870" endtime="20200117 12:27:51.942" critical="yes"></status>
</test>
<test id="s1-t18" name="TEST18) CZWOROBOK NIEMOŻLIWY (podano długości boków 0.0)">
<kw name="Czy wyświetli nierozpoznano dla (podano długości boków 0.0)">
<kw name="Run Process" library="Process">
<doc>Runs a process and waits for it to complete.</doc>
<arguments>
<arg>python</arg>
<arg>${PROGRAM DIRECTORY}</arg>
<arg>--first</arg>
<arg>0.0</arg>
<arg>--second</arg>
<arg>0.0</arg>
<arg>--third</arg>
<arg>0.0</arg>
<arg>--fourth</arg>
<arg>0.0</arg>
<arg>stdout=${STDOUT DIR}</arg>
<arg>stderr=${STDERR DIR}</arg>
<arg>output_encoding=SYSTEM</arg>
</arguments>
<assign>
<var>${result}</var>
</assign>
<msg timestamp="20200117 12:27:51.944" level="INFO">Starting process:
python lab6/Main.py --first 0.0 --second 0.0 --third 0.0 --fourth 0.0</msg>
<msg timestamp="20200117 12:27:51.946" level="INFO">Waiting for process to complete.</msg>
<msg timestamp="20200117 12:27:52.007" level="INFO">Process completed.</msg>
<msg timestamp="20200117 12:27:52.008" level="INFO">${result} = &lt;result object with rc 0&gt;</msg>
<status status="PASS" starttime="20200117 12:27:51.943" endtime="20200117 12:27:52.008"></status>
</kw>
<kw name="Log Many" library="BuiltIn">
<doc>Logs the given messages as separate entries using the INFO level.</doc>
<arguments>
<arg>stdout: ${result.stdout}</arg>
<arg>stderr: ${result.stderr}</arg>
</arguments>
<msg timestamp="20200117 12:27:52.008" level="INFO">stdout: Podano boki:  [0.0, 0.0, 0.0, 0.0]
Możliwa figura:  nierozpoznano</msg>
<msg timestamp="20200117 12:27:52.009" level="INFO">stderr: </msg>
<status status="PASS" starttime="20200117 12:27:52.008" endtime="20200117 12:27:52.009"></status>
</kw>
<kw name="Should Contain" library="BuiltIn">
<doc>Fails if ``container`` does not contain ``item`` one or more times.</doc>
<arguments>
<arg>${result.stdout}</arg>
<arg>nierozpoznano</arg>
</arguments>
<status status="PASS" starttime="20200117 12:27:52.009" endtime="20200117 12:27:52.009"></status>
</kw>
<status status="PASS" starttime="20200117 12:27:51.943" endtime="20200117 12:27:52.009"></status>
</kw>
<status status="PASS" starttime="20200117 12:27:51.943" endtime="20200117 12:27:52.010" critical="yes"></status>
</test>
<test id="s1-t19" name="TEST19) CZWOROBOK NIEMOŻLIWY (podano któryś bok 0.0)">
<kw name="Czy wyświetli nierozpoznano dla (podano któryś bok 0.0)">
<kw name="Run Process" library="Process">
<doc>Runs a process and waits for it to complete.</doc>
<arguments>
<arg>python</arg>
<arg>${PROGRAM DIRECTORY}</arg>
<arg>--first</arg>
<arg>1.0</arg>
<arg>--second</arg>
<arg>3.0</arg>
<arg>--third</arg>
<arg>2.0</arg>
<arg>--fourth</arg>
<arg>0.0</arg>
<arg>stdout=${STDOUT DIR}</arg>
<arg>stderr=${STDERR DIR}</arg>
<arg>output_encoding=SYSTEM</arg>
</arguments>
<assign>
<var>${result}</var>
</assign>
<msg timestamp="20200117 12:27:52.012" level="INFO">Starting process:
python lab6/Main.py --first 1.0 --second 3.0 --third 2.0 --fourth 0.0</msg>
<msg timestamp="20200117 12:27:52.014" level="INFO">Waiting for process to complete.</msg>
<msg timestamp="20200117 12:27:52.074" level="INFO">Process completed.</msg>
<msg timestamp="20200117 12:27:52.074" level="INFO">${result} = &lt;result object with rc 0&gt;</msg>
<status status="PASS" starttime="20200117 12:27:52.011" endtime="20200117 12:27:52.074"></status>
</kw>
<kw name="Log Many" library="BuiltIn">
<doc>Logs the given messages as separate entries using the INFO level.</doc>
<arguments>
<arg>stdout: ${result.stdout}</arg>
<arg>stderr: ${result.stderr}</arg>
</arguments>
<msg timestamp="20200117 12:27:52.075" level="INFO">stdout: Podano boki:  [1.0, 3.0, 2.0, 0.0]
Możliwa figura:  nierozpoznano</msg>
<msg timestamp="20200117 12:27:52.076" level="INFO">stderr: </msg>
<status status="PASS" starttime="20200117 12:27:52.075" endtime="20200117 12:27:52.076"></status>
</kw>
<kw name="Should Contain" library="BuiltIn">
<doc>Fails if ``container`` does not contain ``item`` one or more times.</doc>
<arguments>
<arg>${result.stdout}</arg>
<arg>nierozpoznano</arg>
</arguments>
<status status="PASS" starttime="20200117 12:27:52.076" endtime="20200117 12:27:52.076"></status>
</kw>
<status status="PASS" starttime="20200117 12:27:52.011" endtime="20200117 12:27:52.076"></status>
</kw>
<status status="PASS" starttime="20200117 12:27:52.011" endtime="20200117 12:27:52.076" critical="yes"></status>
</test>
<test id="s1-t20" name="TEST20) CZWOROBOK NIEMOŻLIWY (pierwsze trzy boki są dłuższe niż czwarty bok)">
<kw name="Czy wyświetli nierozpoznano dla (pierwsze trzy boki są dłuższe niż czwarty bok)">
<kw name="Run Process" library="Process">
<doc>Runs a process and waits for it to complete.</doc>
<arguments>
<arg>python</arg>
<arg>${PROGRAM DIRECTORY}</arg>
<arg>--first</arg>
<arg>10.0</arg>
<arg>--second</arg>
<arg>3.0</arg>
<arg>--third</arg>
<arg>1.0</arg>
<arg>--fourth</arg>
<arg>1.0</arg>
<arg>stdout=${STDOUT DIR}</arg>
<arg>stderr=${STDERR DIR}</arg>
<arg>output_encoding=SYSTEM</arg>
</arguments>
<assign>
<var>${result}</var>
</assign>
<msg timestamp="20200117 12:27:52.079" level="INFO">Starting process:
python lab6/Main.py --first 10.0 --second 3.0 --third 1.0 --fourth 1.0</msg>
<msg timestamp="20200117 12:27:52.081" level="INFO">Waiting for process to complete.</msg>
<msg timestamp="20200117 12:27:52.142" level="INFO">Process completed.</msg>
<msg timestamp="20200117 12:27:52.142" level="INFO">${result} = &lt;result object with rc 0&gt;</msg>
<status status="PASS" starttime="20200117 12:27:52.078" endtime="20200117 12:27:52.142"></status>
</kw>
<kw name="Log Many" library="BuiltIn">
<doc>Logs the given messages as separate entries using the INFO level.</doc>
<arguments>
<arg>stdout: ${result.stdout}</arg>
<arg>stderr: ${result.stderr}</arg>
</arguments>
<msg timestamp="20200117 12:27:52.143" level="INFO">stdout: Podano boki:  [10.0, 3.0, 1.0, 1.0]
Możliwa figura:  nierozpoznano</msg>
<msg timestamp="20200117 12:27:52.143" level="INFO">stderr: </msg>
<status status="PASS" starttime="20200117 12:27:52.142" endtime="20200117 12:27:52.143"></status>
</kw>
<kw name="Should Contain" library="BuiltIn">
<doc>Fails if ``container`` does not contain ``item`` one or more times.</doc>
<arguments>
<arg>${result.stdout}</arg>
<arg>nierozpoznano</arg>
</arguments>
<status status="PASS" starttime="20200117 12:27:52.144" endtime="20200117 12:27:52.144"></status>
</kw>
<status status="PASS" starttime="20200117 12:27:52.078" endtime="20200117 12:27:52.144"></status>
</kw>
<status status="PASS" starttime="20200117 12:27:52.078" endtime="20200117 12:27:52.144" critical="yes"></status>
</test>
<kw name="Terminate All Processes" library="Process" type="teardown">
<doc>Terminates all still running processes started by this library.</doc>
<arguments>
<arg>kill=True</arg>
</arguments>
<status status="PASS" starttime="20200117 12:27:52.145" endtime="20200117 12:27:52.147"></status>
</kw>
<status status="PASS" starttime="20200117 12:27:50.745" endtime="20200117 12:27:52.147"></status>
</suite>
<statistics>
<total>
<stat pass="20" fail="0">Critical Tests</stat>
<stat pass="20" fail="0">All Tests</stat>
</total>
<tag>
</tag>
<suite>
<stat pass="20" fail="0" id="s1" name="Test Cli">Test Cli</stat>
</suite>
</statistics>
<errors>
</errors>
</robot>
